October 22, 2018, 3:03 am
Attempt: Initializing Cron with id 6...
-------------------------
October 22, 2018, 3:03 am
Attempt: Initializing Cron with id 5...
-------------------------
October 22, 2018, 3:03 am
Attempt: Message could not be sent. Mailer Error: You must provide at least one recipient email address.
-------------------------
October 22, 2018, 3:03 am
Attempt: Message could not be sent. Mailer Error: You must provide at least one recipient email address.
-------------------------
October 22, 2018, 3:03 am
Attempt: Message could not be sent. Mailer Error: You must provide at least one recipient email address.
-------------------------
October 22, 2018, 3:03 am
Attempt: Message could not be sent. Mailer Error: You must provide at least one recipient email address.
-------------------------
October 22, 2018, 3:03 am
Attempt: Message could not be sent. Mailer Error: You must provide at least one recipient email address.
-------------------------
October 22, 2018, 3:03 am
Attempt: Finished Cron 5.
-------------------------
