October 22, 2018, 3:12 am
Attempt: Initializing Cron with id 5...
-------------------------
October 22, 2018, 3:12 am
Attempt: Email sent to chapter_officer_two@gmail.com.
-------------------------
October 22, 2018, 3:12 am
Attempt: Email sent to asmith178@atu.edu.
-------------------------
October 22, 2018, 3:12 am
Attempt: Email sent to aaltom2@atu.edu.
-------------------------
October 22, 2018, 3:12 am
Attempt: Email sent to ksmith101@atu.edu.
-------------------------
October 22, 2018, 3:12 am
Attempt: Email sent to test66@gmail.com.
-------------------------
October 22, 2018, 3:12 am
Attempt: Finished Cron 5.
-------------------------
