November 9, 2018, 7:56 am
Attempt: Initializing Cron with id 20...
-------------------------
November 9, 2018, 7:56 am
Attempt: Loading Spreadsheet...
-------------------------
November 9, 2018, 7:56 am
Attempt: Converting Spreadsheet Into an Array...
-------------------------
November 9, 2018, 7:56 am
Attempt: Reducing Array of Data into 3 Columns...
-------------------------
November 9, 2018, 7:56 am
Attempt: Potential Duplicate. Email Already Exists In System dennis.acuna@udc.edu.
-------------------------
November 9, 2018, 7:56 am
Attempt: Potential Duplicate. Email Already Exists In System amani.aldhabah@udc.edu.
-------------------------
November 9, 2018, 7:56 am
Attempt: Potential Duplicate. Email Already Exists In System ibrahim.alghamdi@udc.edu.
-------------------------
November 9, 2018, 7:56 am
Attempt: Potential Duplicate. Email Already Exists In System abdullah.altowairqi@udc.edu.
-------------------------
November 9, 2018, 7:56 am
Attempt: Potential Duplicate. Email Already Exists In System raymond.ambrose@udc.edu.
-------------------------
November 9, 2018, 7:56 am
Attempt: Potential Duplicate. Email Already Exists In System favour.anifowose@udc.edu.
-------------------------
November 9, 2018, 7:56 am
Attempt: Potential Duplicate. Email Already Exists In System jesus.badal@udc.edu.
-------------------------
November 9, 2018, 7:56 am
Attempt: Potential Duplicate. Email Already Exists In System mariana.barros@udc.edu.
-------------------------
November 9, 2018, 7:56 am
Attempt: Potential Duplicate. Email Already Exists In System getahun.bekele@udc.edu.
-------------------------
November 9, 2018, 7:56 am
Attempt: Potential Duplicate. Email Already Exists In System antonio.benitez@udc.edu.
-------------------------
November 9, 2018, 7:56 am
Attempt: Potential Duplicate. Email Already Exists In System rachel.bissonnette@udc.edu.
-------------------------
November 9, 2018, 7:56 am
Attempt: Potential Duplicate. Email Already Exists In System tyler.bouchard@udc.edu.
-------------------------
November 9, 2018, 7:56 am
Attempt: Potential Duplicate. Email Already Exists In System mia.boyd@udc.edu.
-------------------------
November 9, 2018, 7:56 am
Attempt: Potential Duplicate. Email Already Exists In System julia.burgess@udc.edu.
-------------------------
November 9, 2018, 7:56 am
Attempt: Potential Duplicate. Email Already Exists In System william.calhoun@udc.edu.
-------------------------
November 9, 2018, 7:56 am
Attempt: Potential Duplicate. Email Already Exists In System romario.campbell@udc.edu.
-------------------------
November 9, 2018, 7:56 am
Attempt: Potential Duplicate. Email Already Exists In System wilson.cano@udc.edu.
-------------------------
November 9, 2018, 7:56 am
Attempt: Potential Duplicate. Email Already Exists In System rashida.carr@udc.edu.
-------------------------
November 9, 2018, 7:56 am
Attempt: Potential Duplicate. Email Already Exists In System estefania.castrillon@udc.edu.
-------------------------
November 9, 2018, 7:56 am
Attempt: Potential Duplicate. Email Already Exists In System sophie.chiquette@udc.edu.
-------------------------
November 9, 2018, 7:56 am
Attempt: Potential Duplicate. Email Already Exists In System caroline.chukwu@udc.edu.
-------------------------
November 9, 2018, 7:56 am
Attempt: Potential Duplicate. Email Already Exists In System aneiya.coleman@udc.edu.
-------------------------
November 9, 2018, 7:56 am
Attempt: Potential Duplicate. Email Already Exists In System jessica.corley@udc.edu.
-------------------------
November 9, 2018, 7:56 am
Attempt: Potential Duplicate. Email Already Exists In System jaime.cusihuamanmari@udc.edu.
-------------------------
November 9, 2018, 7:56 am
Attempt: Potential Duplicate. Email Already Exists In System sia.damali@udc.edu.
-------------------------
November 9, 2018, 7:56 am
Attempt: Potential Duplicate. Email Already Exists In System cameron.dickerson@udc.edu.
-------------------------
November 9, 2018, 7:56 am
Attempt: Potential Duplicate. Email Already Exists In System dayshaud.duberry@udc.edu.
-------------------------
November 9, 2018, 7:56 am
Attempt: Potential Duplicate. Email Already Exists In System temera.duncan@udc.edu.
-------------------------
November 9, 2018, 7:56 am
Attempt: Potential Duplicate. Email Already Exists In System gerson.escobar@udc.edu.
-------------------------
November 9, 2018, 7:56 am
Attempt: Potential Duplicate. Email Already Exists In System donnasia.factory@udc.edu.
-------------------------
November 9, 2018, 7:56 am
Attempt: Creating Contact glenda.ferrufino@udc.edu.
-------------------------
November 9, 2018, 7:56 am
Attempt: Creating Contact carla.floresbenavide@udc.edu.
-------------------------
November 9, 2018, 7:56 am
Attempt: Creating Contact desiree.gaeckler@udc.edu.
-------------------------
November 9, 2018, 7:56 am
Attempt: Creating Contact wykenia.gillespie@udc.edu.
-------------------------
November 9, 2018, 7:56 am
Attempt: Creating Contact naya.gonzalezberista@udc.edu.
-------------------------
November 9, 2018, 7:56 am
Attempt: Creating Contact niasia.harding@udc.edu.
-------------------------
November 9, 2018, 7:56 am
Attempt: Creating Contact cortney.haskell@udc.edu.
-------------------------
November 9, 2018, 7:56 am
Attempt: Creating Contact kesha.hillary@udc.edu.
-------------------------
November 9, 2018, 7:56 am
Attempt: Creating Contact chenequa.holland@udc.edu.
-------------------------
November 9, 2018, 7:56 am
Attempt: Creating Contact dominique.howard@udc.edu.
-------------------------
November 9, 2018, 7:56 am
Attempt: Creating Contact christopher.hudsonbo@udc.edu.
-------------------------
November 9, 2018, 7:56 am
Attempt: Creating Contact kelechi.iwuchukwu@udc.edu.
-------------------------
November 9, 2018, 7:56 am
Attempt: Creating Contact megan.johnson1@udc.edu.
-------------------------
November 9, 2018, 7:56 am
Attempt: Creating Contact roxana.juarezsalazar@udc.edu.
-------------------------
November 9, 2018, 7:56 am
Attempt: Creating Contact kyle.kelley@udc.edu.
-------------------------
November 9, 2018, 7:56 am
Attempt: Creating Contact dainah.kilburn@udc.edu.
-------------------------
November 9, 2018, 7:56 am
Attempt: Creating Contact nyima.kinteh@udc.edu.
-------------------------
November 9, 2018, 7:56 am
Attempt: Creating Contact leah.koechlin@udc.edu.
-------------------------
November 9, 2018, 7:56 am
Attempt: Creating Contact jennifer.krasilovsky@udc.edu.
-------------------------
