November 9, 2018, 7:57 am
Attempt: Initializing Cron with id 20...
-------------------------
November 9, 2018, 7:57 am
Attempt: Loading Spreadsheet...
-------------------------
November 9, 2018, 7:57 am
Attempt: Converting Spreadsheet Into an Array...
-------------------------
November 9, 2018, 7:57 am
Attempt: Reducing Array of Data into 3 Columns...
-------------------------
November 9, 2018, 7:57 am
Attempt: Potential Duplicate. Email Already Exists In System dennis.acuna@udc.edu.
-------------------------
November 9, 2018, 7:57 am
Attempt: Potential Duplicate. Email Already Exists In System amani.aldhabah@udc.edu.
-------------------------
November 9, 2018, 7:57 am
Attempt: Potential Duplicate. Email Already Exists In System ibrahim.alghamdi@udc.edu.
-------------------------
November 9, 2018, 7:57 am
Attempt: Potential Duplicate. Email Already Exists In System abdullah.altowairqi@udc.edu.
-------------------------
November 9, 2018, 7:57 am
Attempt: Potential Duplicate. Email Already Exists In System raymond.ambrose@udc.edu.
-------------------------
November 9, 2018, 7:57 am
Attempt: Potential Duplicate. Email Already Exists In System favour.anifowose@udc.edu.
-------------------------
November 9, 2018, 7:57 am
Attempt: Potential Duplicate. Email Already Exists In System jesus.badal@udc.edu.
-------------------------
November 9, 2018, 7:57 am
Attempt: Potential Duplicate. Email Already Exists In System mariana.barros@udc.edu.
-------------------------
November 9, 2018, 7:57 am
Attempt: Potential Duplicate. Email Already Exists In System getahun.bekele@udc.edu.
-------------------------
November 9, 2018, 7:57 am
Attempt: Potential Duplicate. Email Already Exists In System antonio.benitez@udc.edu.
-------------------------
November 9, 2018, 7:57 am
Attempt: Potential Duplicate. Email Already Exists In System rachel.bissonnette@udc.edu.
-------------------------
November 9, 2018, 7:57 am
Attempt: Potential Duplicate. Email Already Exists In System tyler.bouchard@udc.edu.
-------------------------
November 9, 2018, 7:57 am
Attempt: Potential Duplicate. Email Already Exists In System mia.boyd@udc.edu.
-------------------------
November 9, 2018, 7:57 am
Attempt: Potential Duplicate. Email Already Exists In System julia.burgess@udc.edu.
-------------------------
November 9, 2018, 7:57 am
Attempt: Potential Duplicate. Email Already Exists In System william.calhoun@udc.edu.
-------------------------
November 9, 2018, 7:57 am
Attempt: Potential Duplicate. Email Already Exists In System romario.campbell@udc.edu.
-------------------------
November 9, 2018, 7:57 am
Attempt: Potential Duplicate. Email Already Exists In System wilson.cano@udc.edu.
-------------------------
November 9, 2018, 7:57 am
Attempt: Potential Duplicate. Email Already Exists In System rashida.carr@udc.edu.
-------------------------
November 9, 2018, 7:57 am
Attempt: Potential Duplicate. Email Already Exists In System estefania.castrillon@udc.edu.
-------------------------
November 9, 2018, 7:57 am
Attempt: Potential Duplicate. Email Already Exists In System sophie.chiquette@udc.edu.
-------------------------
November 9, 2018, 7:57 am
Attempt: Potential Duplicate. Email Already Exists In System caroline.chukwu@udc.edu.
-------------------------
November 9, 2018, 7:57 am
Attempt: Potential Duplicate. Email Already Exists In System aneiya.coleman@udc.edu.
-------------------------
November 9, 2018, 7:57 am
Attempt: Potential Duplicate. Email Already Exists In System jessica.corley@udc.edu.
-------------------------
November 9, 2018, 7:57 am
Attempt: Potential Duplicate. Email Already Exists In System jaime.cusihuamanmari@udc.edu.
-------------------------
November 9, 2018, 7:57 am
Attempt: Potential Duplicate. Email Already Exists In System sia.damali@udc.edu.
-------------------------
November 9, 2018, 7:57 am
Attempt: Potential Duplicate. Email Already Exists In System cameron.dickerson@udc.edu.
-------------------------
November 9, 2018, 7:57 am
Attempt: Potential Duplicate. Email Already Exists In System dayshaud.duberry@udc.edu.
-------------------------
November 9, 2018, 7:57 am
Attempt: Potential Duplicate. Email Already Exists In System temera.duncan@udc.edu.
-------------------------
November 9, 2018, 7:57 am
Attempt: Potential Duplicate. Email Already Exists In System gerson.escobar@udc.edu.
-------------------------
November 9, 2018, 7:57 am
Attempt: Potential Duplicate. Email Already Exists In System donnasia.factory@udc.edu.
-------------------------
November 9, 2018, 7:57 am
Attempt: Potential Duplicate. Email Already Exists In System glenda.ferrufino@udc.edu.
-------------------------
November 9, 2018, 7:57 am
Attempt: Potential Duplicate. Email Already Exists In System carla.floresbenavide@udc.edu.
-------------------------
November 9, 2018, 7:57 am
Attempt: Potential Duplicate. Email Already Exists In System desiree.gaeckler@udc.edu.
-------------------------
November 9, 2018, 7:57 am
Attempt: Potential Duplicate. Email Already Exists In System wykenia.gillespie@udc.edu.
-------------------------
November 9, 2018, 7:57 am
Attempt: Potential Duplicate. Email Already Exists In System naya.gonzalezberista@udc.edu.
-------------------------
November 9, 2018, 7:57 am
Attempt: Potential Duplicate. Email Already Exists In System niasia.harding@udc.edu.
-------------------------
November 9, 2018, 7:57 am
Attempt: Potential Duplicate. Email Already Exists In System cortney.haskell@udc.edu.
-------------------------
November 9, 2018, 7:57 am
Attempt: Potential Duplicate. Email Already Exists In System kesha.hillary@udc.edu.
-------------------------
November 9, 2018, 7:57 am
Attempt: Potential Duplicate. Email Already Exists In System chenequa.holland@udc.edu.
-------------------------
November 9, 2018, 7:57 am
Attempt: Potential Duplicate. Email Already Exists In System dominique.howard@udc.edu.
-------------------------
November 9, 2018, 7:57 am
Attempt: Potential Duplicate. Email Already Exists In System christopher.hudsonbo@udc.edu.
-------------------------
November 9, 2018, 7:57 am
Attempt: Potential Duplicate. Email Already Exists In System kelechi.iwuchukwu@udc.edu.
-------------------------
November 9, 2018, 7:57 am
Attempt: Potential Duplicate. Email Already Exists In System megan.johnson1@udc.edu.
-------------------------
November 9, 2018, 7:57 am
Attempt: Potential Duplicate. Email Already Exists In System roxana.juarezsalazar@udc.edu.
-------------------------
November 9, 2018, 7:57 am
Attempt: Potential Duplicate. Email Already Exists In System kyle.kelley@udc.edu.
-------------------------
November 9, 2018, 7:57 am
Attempt: Potential Duplicate. Email Already Exists In System dainah.kilburn@udc.edu.
-------------------------
November 9, 2018, 7:57 am
Attempt: Potential Duplicate. Email Already Exists In System nyima.kinteh@udc.edu.
-------------------------
November 9, 2018, 7:57 am
Attempt: Potential Duplicate. Email Already Exists In System leah.koechlin@udc.edu.
-------------------------
November 9, 2018, 7:57 am
Attempt: Creating Contact jennifer.krasilovsky@udc.edu.
-------------------------
