November 9, 2018, 7:12 am
Attempt: Initializing Cron with id 20...
-------------------------
November 9, 2018, 7:12 am
Attempt: Loading Spreadsheet...
-------------------------
November 9, 2018, 7:12 am
Attempt: Converting Spreadsheet Into an Array...
-------------------------
November 9, 2018, 7:12 am
Attempt: Reducing Array of Data into 3 Columns...
-------------------------
November 9, 2018, 7:12 am
Attempt: Potential Duplicate. Email Already Exists In System dennis.acuna@udc.edu.
-------------------------
November 9, 2018, 7:12 am
Attempt: Potential Duplicate. Email Already Exists In System amani.aldhabah@udc.edu.
-------------------------
November 9, 2018, 7:12 am
Attempt: Potential Duplicate. Email Already Exists In System ibrahim.alghamdi@udc.edu.
-------------------------
November 9, 2018, 7:12 am
Attempt: Potential Duplicate. Email Already Exists In System abdullah.altowairqi@udc.edu.
-------------------------
November 9, 2018, 7:12 am
Attempt: Potential Duplicate. Email Already Exists In System raymond.ambrose@udc.edu.
-------------------------
November 9, 2018, 7:12 am
Attempt: Potential Duplicate. Email Already Exists In System favour.anifowose@udc.edu.
-------------------------
November 9, 2018, 7:12 am
Attempt: Potential Duplicate. Email Already Exists In System jesus.badal@udc.edu.
-------------------------
November 9, 2018, 7:12 am
Attempt: Potential Duplicate. Email Already Exists In System mariana.barros@udc.edu.
-------------------------
November 9, 2018, 7:12 am
Attempt: Potential Duplicate. Email Already Exists In System getahun.bekele@udc.edu.
-------------------------
November 9, 2018, 7:12 am
Attempt: Potential Duplicate. Email Already Exists In System antonio.benitez@udc.edu.
-------------------------
November 9, 2018, 7:12 am
Attempt: Potential Duplicate. Email Already Exists In System rachel.bissonnette@udc.edu.
-------------------------
November 9, 2018, 7:12 am
Attempt: Potential Duplicate. Email Already Exists In System tyler.bouchard@udc.edu.
-------------------------
November 9, 2018, 7:12 am
Attempt: Potential Duplicate. Email Already Exists In System mia.boyd@udc.edu.
-------------------------
November 9, 2018, 7:12 am
Attempt: Potential Duplicate. Email Already Exists In System julia.burgess@udc.edu.
-------------------------
November 9, 2018, 7:12 am
Attempt: Potential Duplicate. Email Already Exists In System william.calhoun@udc.edu.
-------------------------
November 9, 2018, 7:12 am
Attempt: Potential Duplicate. Email Already Exists In System romario.campbell@udc.edu.
-------------------------
November 9, 2018, 7:12 am
Attempt: Potential Duplicate. Email Already Exists In System wilson.cano@udc.edu.
-------------------------
November 9, 2018, 7:12 am
Attempt: Potential Duplicate. Email Already Exists In System rashida.carr@udc.edu.
-------------------------
November 9, 2018, 7:12 am
Attempt: Potential Duplicate. Email Already Exists In System estefania.castrillon@udc.edu.
-------------------------
November 9, 2018, 7:12 am
Attempt: Potential Duplicate. Email Already Exists In System sophie.chiquette@udc.edu.
-------------------------
November 9, 2018, 7:12 am
Attempt: Potential Duplicate. Email Already Exists In System caroline.chukwu@udc.edu.
-------------------------
November 9, 2018, 7:12 am
Attempt: Potential Duplicate. Email Already Exists In System aneiya.coleman@udc.edu.
-------------------------
November 9, 2018, 7:12 am
Attempt: Potential Duplicate. Email Already Exists In System jessica.corley@udc.edu.
-------------------------
November 9, 2018, 7:12 am
Attempt: Potential Duplicate. Email Already Exists In System jaime.cusihuamanmari@udc.edu.
-------------------------
November 9, 2018, 7:12 am
Attempt: Potential Duplicate. Email Already Exists In System sia.damali@udc.edu.
-------------------------
November 9, 2018, 7:12 am
Attempt: Creating Contact cameron.dickerson@udc.edu.
-------------------------
November 9, 2018, 7:12 am
Attempt: Creating Contact dayshaud.duberry@udc.edu.
-------------------------
November 9, 2018, 7:12 am
Attempt: Creating Contact temera.duncan@udc.edu.
-------------------------
