November 7, 2018, 1:36 am
Attempt: Initializing Cron with id 19...
-------------------------
November 7, 2018, 1:36 am
Attempt: Loading Spreadsheet...
-------------------------
November 7, 2018, 1:36 am
Attempt: Converting Spreadsheet Into an Array...
-------------------------
November 7, 2018, 1:36 am
Attempt: Reducing Array of Data into 3 Columns...
-------------------------
November 7, 2018, 1:37 am
Attempt: Potential Duplicate. Email Already Exists In System Email.
-------------------------
November 7, 2018, 1:39 am
Attempt: Creating Contact aabate@email.sc.edu.
-------------------------
November 7, 2018, 1:39 am
Attempt: Creating Contact kaabbey@email.sc.edu.
-------------------------
November 7, 2018, 1:39 am
Attempt: Creating Contact abouissn@email.sc.edu.
-------------------------
November 7, 2018, 1:39 am
Attempt: Creating Contact amyaa@email.sc.edu.
-------------------------
November 7, 2018, 1:39 am
Attempt: Creating Contact jacee@email.sc.edu.
-------------------------
November 7, 2018, 1:39 am
Attempt: Creating Contact saceto@email.sc.edu.
-------------------------
November 7, 2018, 1:39 am
Attempt: Creating Contact achille@email.sc.edu.
-------------------------
November 7, 2018, 1:39 am
Attempt: Creating Contact jamiea@email.sc.edu.
-------------------------
November 7, 2018, 1:39 am
Attempt: Creating Contact jgacree@email.sc.edu.
-------------------------
