November 9, 2018, 7:01 am
Attempt: Initializing Cron with id 20...
-------------------------
November 9, 2018, 7:01 am
Attempt: Loading Spreadsheet...
-------------------------
November 9, 2018, 7:01 am
Attempt: Converting Spreadsheet Into an Array...
-------------------------
November 9, 2018, 7:01 am
Attempt: Reducing Array of Data into 3 Columns...
-------------------------
November 9, 2018, 7:01 am
Attempt: Creating Contact dennis.acuna@udc.edu.
-------------------------
November 9, 2018, 7:01 am
Attempt: Creating Contact amani.aldhabah@udc.edu.
-------------------------
November 9, 2018, 7:01 am
Attempt: Creating Contact ibrahim.alghamdi@udc.edu.
-------------------------
November 9, 2018, 7:01 am
Attempt: Creating Contact abdullah.altowairqi@udc.edu.
-------------------------
November 9, 2018, 7:01 am
Attempt: Creating Contact raymond.ambrose@udc.edu.
-------------------------
November 9, 2018, 7:01 am
Attempt: Creating Contact favour.anifowose@udc.edu.
-------------------------
November 9, 2018, 7:01 am
Attempt: Creating Contact jesus.badal@udc.edu.
-------------------------
November 9, 2018, 7:01 am
Attempt: Creating Contact mariana.barros@udc.edu.
-------------------------
November 9, 2018, 7:01 am
Attempt: Creating Contact getahun.bekele@udc.edu.
-------------------------
November 9, 2018, 7:01 am
Attempt: Creating Contact antonio.benitez@udc.edu.
-------------------------
November 9, 2018, 7:01 am
Attempt: Creating Contact rachel.bissonnette@udc.edu.
-------------------------
November 9, 2018, 7:01 am
Attempt: Creating Contact tyler.bouchard@udc.edu.
-------------------------
November 9, 2018, 7:01 am
Attempt: Creating Contact mia.boyd@udc.edu.
-------------------------
November 9, 2018, 7:01 am
Attempt: Creating Contact julia.burgess@udc.edu.
-------------------------
November 9, 2018, 7:01 am
Attempt: Creating Contact william.calhoun@udc.edu.
-------------------------
November 9, 2018, 7:01 am
Attempt: Creating Contact romario.campbell@udc.edu.
-------------------------
November 9, 2018, 7:01 am
Attempt: Creating Contact wilson.cano@udc.edu.
-------------------------
November 9, 2018, 7:01 am
Attempt: Creating Contact rashida.carr@udc.edu.
-------------------------
November 9, 2018, 7:01 am
Attempt: Creating Contact estefania.castrillon@udc.edu.
-------------------------
November 9, 2018, 7:01 am
Attempt: Creating Contact sophie.chiquette@udc.edu.
-------------------------
November 9, 2018, 7:01 am
Attempt: Creating Contact caroline.chukwu@udc.edu.
-------------------------
November 9, 2018, 7:01 am
Attempt: Creating Contact aneiya.coleman@udc.edu.
-------------------------
November 9, 2018, 7:01 am
Attempt: Creating Contact jessica.corley@udc.edu.
-------------------------
