November 7, 2018, 1:41 am
Attempt: Initializing Cron with id 19...
-------------------------
November 7, 2018, 1:41 am
Attempt: Loading Spreadsheet...
-------------------------
November 7, 2018, 1:41 am
Attempt: Converting Spreadsheet Into an Array...
-------------------------
November 7, 2018, 1:41 am
Attempt: Reducing Array of Data into 3 Columns...
-------------------------
November 7, 2018, 1:41 am
Attempt: Potential Duplicate. Email Already Exists In System Email.
-------------------------
November 7, 2018, 1:41 am
Attempt: Potential Duplicate. Email Already Exists In System aabate@email.sc.edu.
-------------------------
November 7, 2018, 1:41 am
Attempt: Potential Duplicate. Email Already Exists In System kaabbey@email.sc.edu.
-------------------------
November 7, 2018, 1:41 am
Attempt: Potential Duplicate. Email Already Exists In System abouissn@email.sc.edu.
-------------------------
November 7, 2018, 1:41 am
Attempt: Potential Duplicate. Email Already Exists In System amyaa@email.sc.edu.
-------------------------
November 7, 2018, 1:41 am
Attempt: Potential Duplicate. Email Already Exists In System jacee@email.sc.edu.
-------------------------
November 7, 2018, 1:41 am
Attempt: Potential Duplicate. Email Already Exists In System saceto@email.sc.edu.
-------------------------
November 7, 2018, 1:41 am
Attempt: Potential Duplicate. Email Already Exists In System achille@email.sc.edu.
-------------------------
November 7, 2018, 1:41 am
Attempt: Potential Duplicate. Email Already Exists In System jamiea@email.sc.edu.
-------------------------
November 7, 2018, 1:41 am
Attempt: Potential Duplicate. Email Already Exists In System jgacree@email.sc.edu.
-------------------------
