November 9, 2018, 7:59 am
Attempt: Initializing Cron with id 20...
-------------------------
November 9, 2018, 7:59 am
Attempt: Loading Spreadsheet...
-------------------------
November 9, 2018, 7:59 am
Attempt: Converting Spreadsheet Into an Array...
-------------------------
November 9, 2018, 7:59 am
Attempt: Reducing Array of Data into 3 Columns...
-------------------------
November 9, 2018, 7:59 am
Attempt: Potential Duplicate. Email Already Exists In System dennis.acuna@udc.edu.
-------------------------
November 9, 2018, 7:59 am
Attempt: Potential Duplicate. Email Already Exists In System amani.aldhabah@udc.edu.
-------------------------
November 9, 2018, 7:59 am
Attempt: Potential Duplicate. Email Already Exists In System ibrahim.alghamdi@udc.edu.
-------------------------
November 9, 2018, 7:59 am
Attempt: Potential Duplicate. Email Already Exists In System abdullah.altowairqi@udc.edu.
-------------------------
November 9, 2018, 7:59 am
Attempt: Potential Duplicate. Email Already Exists In System raymond.ambrose@udc.edu.
-------------------------
November 9, 2018, 7:59 am
Attempt: Potential Duplicate. Email Already Exists In System favour.anifowose@udc.edu.
-------------------------
November 9, 2018, 7:59 am
Attempt: Potential Duplicate. Email Already Exists In System jesus.badal@udc.edu.
-------------------------
November 9, 2018, 7:59 am
Attempt: Potential Duplicate. Email Already Exists In System mariana.barros@udc.edu.
-------------------------
November 9, 2018, 7:59 am
Attempt: Potential Duplicate. Email Already Exists In System getahun.bekele@udc.edu.
-------------------------
November 9, 2018, 7:59 am
Attempt: Potential Duplicate. Email Already Exists In System antonio.benitez@udc.edu.
-------------------------
November 9, 2018, 7:59 am
Attempt: Potential Duplicate. Email Already Exists In System rachel.bissonnette@udc.edu.
-------------------------
November 9, 2018, 7:59 am
Attempt: Potential Duplicate. Email Already Exists In System tyler.bouchard@udc.edu.
-------------------------
November 9, 2018, 7:59 am
Attempt: Potential Duplicate. Email Already Exists In System mia.boyd@udc.edu.
-------------------------
November 9, 2018, 7:59 am
Attempt: Potential Duplicate. Email Already Exists In System julia.burgess@udc.edu.
-------------------------
November 9, 2018, 7:59 am
Attempt: Potential Duplicate. Email Already Exists In System william.calhoun@udc.edu.
-------------------------
November 9, 2018, 7:59 am
Attempt: Potential Duplicate. Email Already Exists In System romario.campbell@udc.edu.
-------------------------
November 9, 2018, 7:59 am
Attempt: Potential Duplicate. Email Already Exists In System wilson.cano@udc.edu.
-------------------------
November 9, 2018, 7:59 am
Attempt: Potential Duplicate. Email Already Exists In System rashida.carr@udc.edu.
-------------------------
November 9, 2018, 7:59 am
Attempt: Potential Duplicate. Email Already Exists In System estefania.castrillon@udc.edu.
-------------------------
November 9, 2018, 7:59 am
Attempt: Potential Duplicate. Email Already Exists In System sophie.chiquette@udc.edu.
-------------------------
November 9, 2018, 7:59 am
Attempt: Potential Duplicate. Email Already Exists In System caroline.chukwu@udc.edu.
-------------------------
November 9, 2018, 7:59 am
Attempt: Potential Duplicate. Email Already Exists In System aneiya.coleman@udc.edu.
-------------------------
November 9, 2018, 7:59 am
Attempt: Potential Duplicate. Email Already Exists In System jessica.corley@udc.edu.
-------------------------
November 9, 2018, 7:59 am
Attempt: Potential Duplicate. Email Already Exists In System jaime.cusihuamanmari@udc.edu.
-------------------------
November 9, 2018, 7:59 am
Attempt: Potential Duplicate. Email Already Exists In System sia.damali@udc.edu.
-------------------------
November 9, 2018, 7:59 am
Attempt: Potential Duplicate. Email Already Exists In System cameron.dickerson@udc.edu.
-------------------------
November 9, 2018, 7:59 am
Attempt: Potential Duplicate. Email Already Exists In System dayshaud.duberry@udc.edu.
-------------------------
November 9, 2018, 7:59 am
Attempt: Potential Duplicate. Email Already Exists In System temera.duncan@udc.edu.
-------------------------
November 9, 2018, 7:59 am
Attempt: Potential Duplicate. Email Already Exists In System gerson.escobar@udc.edu.
-------------------------
November 9, 2018, 7:59 am
Attempt: Potential Duplicate. Email Already Exists In System donnasia.factory@udc.edu.
-------------------------
November 9, 2018, 7:59 am
Attempt: Potential Duplicate. Email Already Exists In System glenda.ferrufino@udc.edu.
-------------------------
November 9, 2018, 7:59 am
Attempt: Potential Duplicate. Email Already Exists In System carla.floresbenavide@udc.edu.
-------------------------
November 9, 2018, 7:59 am
Attempt: Potential Duplicate. Email Already Exists In System desiree.gaeckler@udc.edu.
-------------------------
November 9, 2018, 7:59 am
Attempt: Potential Duplicate. Email Already Exists In System wykenia.gillespie@udc.edu.
-------------------------
November 9, 2018, 7:59 am
Attempt: Potential Duplicate. Email Already Exists In System naya.gonzalezberista@udc.edu.
-------------------------
November 9, 2018, 7:59 am
Attempt: Potential Duplicate. Email Already Exists In System niasia.harding@udc.edu.
-------------------------
November 9, 2018, 7:59 am
Attempt: Potential Duplicate. Email Already Exists In System cortney.haskell@udc.edu.
-------------------------
November 9, 2018, 7:59 am
Attempt: Potential Duplicate. Email Already Exists In System kesha.hillary@udc.edu.
-------------------------
November 9, 2018, 7:59 am
Attempt: Potential Duplicate. Email Already Exists In System chenequa.holland@udc.edu.
-------------------------
November 9, 2018, 7:59 am
Attempt: Potential Duplicate. Email Already Exists In System dominique.howard@udc.edu.
-------------------------
November 9, 2018, 7:59 am
Attempt: Potential Duplicate. Email Already Exists In System christopher.hudsonbo@udc.edu.
-------------------------
November 9, 2018, 7:59 am
Attempt: Potential Duplicate. Email Already Exists In System kelechi.iwuchukwu@udc.edu.
-------------------------
November 9, 2018, 7:59 am
Attempt: Potential Duplicate. Email Already Exists In System megan.johnson1@udc.edu.
-------------------------
November 9, 2018, 7:59 am
Attempt: Potential Duplicate. Email Already Exists In System roxana.juarezsalazar@udc.edu.
-------------------------
November 9, 2018, 7:59 am
Attempt: Potential Duplicate. Email Already Exists In System kyle.kelley@udc.edu.
-------------------------
November 9, 2018, 7:59 am
Attempt: Potential Duplicate. Email Already Exists In System dainah.kilburn@udc.edu.
-------------------------
November 9, 2018, 7:59 am
Attempt: Potential Duplicate. Email Already Exists In System nyima.kinteh@udc.edu.
-------------------------
November 9, 2018, 7:59 am
Attempt: Potential Duplicate. Email Already Exists In System leah.koechlin@udc.edu.
-------------------------
November 9, 2018, 7:59 am
Attempt: Creating Contact jennifer.krasilovsky@udc.edu.
-------------------------
November 9, 2018, 7:59 am
Attempt: Creating Contact jeffrey.licitra@udc.edu.
-------------------------
November 9, 2018, 7:59 am
Attempt: Creating Contact carol.loewecke@udc.edu.
-------------------------
November 9, 2018, 7:59 am
Attempt: Creating Contact alaysia.lomax@udc.edu.
-------------------------
November 9, 2018, 7:59 am
Attempt: Creating Contact nikolas.lundmurray@udc.edu.
-------------------------
November 9, 2018, 7:59 am
Attempt: Creating Contact martha.maiden@udc.edu.
-------------------------
November 9, 2018, 7:59 am
Attempt: Creating Contact josip.marinic@udc.edu.
-------------------------
November 9, 2018, 7:59 am
Attempt: Creating Contact michael.martis@udc.edu.
-------------------------
November 9, 2018, 7:59 am
Attempt: Creating Contact brandon.mcclaney@udc.edu.
-------------------------
November 9, 2018, 7:59 am
Attempt: Creating Contact monica.melendez@udc.edu.
-------------------------
November 9, 2018, 7:59 am
Attempt: Creating Contact roseemma.millar@udc.edu.
-------------------------
November 9, 2018, 7:59 am
Attempt: Creating Contact mohamedsaleck.mohame@udc.edu.
-------------------------
November 9, 2018, 7:59 am
Attempt: Creating Contact alexis.moore1@udc.edu.
-------------------------
November 9, 2018, 7:59 am
Attempt: Creating Contact asha.mooresmith@udc.edu.
-------------------------
November 9, 2018, 7:59 am
Attempt: Creating Contact kedamawi.mulualem@udc.edu.
-------------------------
November 9, 2018, 7:59 am
Attempt: Creating Contact brandon.myers@udc.edu.
-------------------------
November 9, 2018, 7:59 am
Attempt: Creating Contact elika.neal@udc.edu.
-------------------------
November 9, 2018, 7:59 am
Attempt: Creating Contact chigozirim.okiyi@udc.edu.
-------------------------
November 9, 2018, 7:59 am
Attempt: Creating Contact katherine.page@udc.edu.
-------------------------
November 9, 2018, 7:59 am
Attempt: Creating Contact aliyah.patterson@udc.edu.
-------------------------
November 9, 2018, 7:59 am
Attempt: Creating Contact sara.perez@udc.edu.
-------------------------
November 9, 2018, 7:59 am
Attempt: Creating Contact juliana.repice@udc.edu.
-------------------------
November 9, 2018, 7:59 am
Attempt: Creating Contact shade.roberts@udc.edu.
-------------------------
November 9, 2018, 7:59 am
Attempt: Creating Contact maira.romeromelendez@udc.edu.
-------------------------
November 9, 2018, 7:59 am
Attempt: Creating Contact lisandro.ruiz@udc.edu.
-------------------------
November 9, 2018, 7:59 am
Attempt: Creating Contact lucy.sampson@udc.edu.
-------------------------
November 9, 2018, 7:59 am
Attempt: Creating Contact andrea.shaw@udc.edu.
-------------------------
November 9, 2018, 7:59 am
Attempt: Creating Contact calvin.siler@udc.edu.
-------------------------
November 9, 2018, 7:59 am
Attempt: Creating Contact britany.smallwood@udc.edu.
-------------------------
November 9, 2018, 7:59 am
Attempt: Creating Contact jessica.steele@udc.edu.
-------------------------
November 9, 2018, 7:59 am
Attempt: Creating Contact james.swisher@udc.edu.
-------------------------
November 9, 2018, 7:59 am
Attempt: Creating Contact yacouba.tanou@udc.edu.
-------------------------
November 9, 2018, 7:59 am
Attempt: Creating Contact nasha.taylor@udc.edu.
-------------------------
November 9, 2018, 7:59 am
Attempt: Creating Contact abraham.terrerogarci@udc.edu.
-------------------------
November 9, 2018, 7:59 am
Attempt: Creating Contact a.thompsonbrown@udc.edu.
-------------------------
November 9, 2018, 7:59 am
Attempt: Creating Contact iddoosa.tolessa@udc.edu.
-------------------------
November 9, 2018, 7:59 am
Attempt: Creating Contact kevin.turcios@udc.edu.
-------------------------
November 9, 2018, 7:59 am
Attempt: Creating Contact laura.unger@udc.edu.
-------------------------
November 9, 2018, 7:59 am
Attempt: Creating Contact ekene.uzoegwu@udc.edu.
-------------------------
November 9, 2018, 7:59 am
Attempt: Creating Contact shanita.weeden@udc.edu.
-------------------------
November 9, 2018, 7:59 am
Attempt: Creating Contact javel.wilson@udc.edu.
-------------------------
November 9, 2018, 7:59 am
Attempt: Creating Contact meseret.zegeye@udc.edu.
-------------------------
November 9, 2018, 7:59 am
Attempt: Creating Contact yemane.zewdu@udc.edu.
-------------------------
November 9, 2018, 7:59 am
Attempt: Finished Cron 20.
-------------------------
