November 15, 2018, 7:58 pm
Attempt: Counting Contacts For Report: 704...
-------------------------
November 15, 2018, 7:58 pm
Attempt: 1 / 704 contacts added to report
-------------------------
November 15, 2018, 7:58 pm
Attempt: 2 / 704 contacts added to report
-------------------------
November 15, 2018, 7:58 pm
Attempt: 3 / 704 contacts added to report
-------------------------
November 15, 2018, 7:58 pm
Attempt: 4 / 704 contacts added to report
-------------------------
November 15, 2018, 7:58 pm
Attempt: 5 / 704 contacts added to report
-------------------------
November 15, 2018, 7:58 pm
Attempt: 6 / 704 contacts added to report
-------------------------
November 15, 2018, 7:58 pm
Attempt: 7 / 704 contacts added to report
-------------------------
November 15, 2018, 7:58 pm
Attempt: 8 / 704 contacts added to report
-------------------------
November 15, 2018, 7:58 pm
Attempt: 9 / 704 contacts added to report
-------------------------
November 15, 2018, 7:58 pm
Attempt: 10 / 704 contacts added to report
-------------------------
November 15, 2018, 7:58 pm
Attempt: 11 / 704 contacts added to report
-------------------------
November 15, 2018, 7:58 pm
Attempt: 12 / 704 contacts added to report
-------------------------
November 15, 2018, 7:58 pm
Attempt: 13 / 704 contacts added to report
-------------------------
November 15, 2018, 7:58 pm
Attempt: 14 / 704 contacts added to report
-------------------------
November 15, 2018, 7:58 pm
Attempt: 15 / 704 contacts added to report
-------------------------
November 15, 2018, 7:58 pm
Attempt: 16 / 704 contacts added to report
-------------------------
November 15, 2018, 7:58 pm
Attempt: 17 / 704 contacts added to report
-------------------------
November 15, 2018, 7:58 pm
Attempt: 18 / 704 contacts added to report
-------------------------
November 15, 2018, 7:58 pm
Attempt: 19 / 704 contacts added to report
-------------------------
November 15, 2018, 7:58 pm
Attempt: 20 / 704 contacts added to report
-------------------------
November 15, 2018, 7:58 pm
Attempt: 21 / 704 contacts added to report
-------------------------
November 15, 2018, 7:58 pm
Attempt: Converting Report to file for later download
-------------------------
November 15, 2018, 7:58 pm
Attempt: Conversion complete.
-------------------------
November 15, 2018, 7:58 pm
Attempt: Finished Cron 4.
-------------------------
