November 13, 2018, 1:01 am
Attempt: Counting Contacts For Report: 704...
-------------------------
November 13, 2018, 1:01 am
Attempt: 1 / 704 contacts added to report
-------------------------
November 13, 2018, 1:01 am
Attempt: 2 / 704 contacts added to report
-------------------------
November 13, 2018, 1:01 am
Attempt: 3 / 704 contacts added to report
-------------------------
November 13, 2018, 1:01 am
Attempt: 4 / 704 contacts added to report
-------------------------
November 13, 2018, 1:01 am
Attempt: 5 / 704 contacts added to report
-------------------------
November 13, 2018, 1:01 am
Attempt: 6 / 704 contacts added to report
-------------------------
November 13, 2018, 1:01 am
Attempt: 7 / 704 contacts added to report
-------------------------
November 13, 2018, 1:01 am
Attempt: 8 / 704 contacts added to report
-------------------------
November 13, 2018, 1:01 am
Attempt: 9 / 704 contacts added to report
-------------------------
November 13, 2018, 1:01 am
Attempt: 10 / 704 contacts added to report
-------------------------
November 13, 2018, 1:01 am
Attempt: 11 / 704 contacts added to report
-------------------------
November 13, 2018, 1:01 am
Attempt: 12 / 704 contacts added to report
-------------------------
November 13, 2018, 1:01 am
Attempt: 13 / 704 contacts added to report
-------------------------
November 13, 2018, 1:01 am
Attempt: 14 / 704 contacts added to report
-------------------------
November 13, 2018, 1:01 am
Attempt: 15 / 704 contacts added to report
-------------------------
November 13, 2018, 1:01 am
Attempt: 16 / 704 contacts added to report
-------------------------
November 13, 2018, 1:01 am
Attempt: 17 / 704 contacts added to report
-------------------------
November 13, 2018, 1:01 am
Attempt: 18 / 704 contacts added to report
-------------------------
November 13, 2018, 1:01 am
Attempt: 19 / 704 contacts added to report
-------------------------
November 13, 2018, 1:01 am
Attempt: 20 / 704 contacts added to report
-------------------------
November 13, 2018, 1:01 am
Attempt: 21 / 704 contacts added to report
-------------------------
November 13, 2018, 1:01 am
Attempt: 22 / 704 contacts added to report
-------------------------
November 13, 2018, 1:01 am
Attempt: 23 / 704 contacts added to report
-------------------------
November 13, 2018, 1:01 am
Attempt: 24 / 704 contacts added to report
-------------------------
November 13, 2018, 1:01 am
Attempt: 25 / 704 contacts added to report
-------------------------
November 13, 2018, 1:01 am
Attempt: 26 / 704 contacts added to report
-------------------------
November 13, 2018, 1:01 am
Attempt: 27 / 704 contacts added to report
-------------------------
November 13, 2018, 1:01 am
Attempt: 28 / 704 contacts added to report
-------------------------
November 13, 2018, 1:01 am
Attempt: 29 / 704 contacts added to report
-------------------------
November 13, 2018, 1:01 am
Attempt: 30 / 704 contacts added to report
-------------------------
November 13, 2018, 1:01 am
Attempt: 31 / 704 contacts added to report
-------------------------
November 13, 2018, 1:01 am
Attempt: 32 / 704 contacts added to report
-------------------------
November 13, 2018, 1:01 am
Attempt: 33 / 704 contacts added to report
-------------------------
November 13, 2018, 1:01 am
Attempt: 34 / 704 contacts added to report
-------------------------
November 13, 2018, 1:01 am
Attempt: 35 / 704 contacts added to report
-------------------------
November 13, 2018, 1:01 am
Attempt: 36 / 704 contacts added to report
-------------------------
November 13, 2018, 1:01 am
Attempt: 37 / 704 contacts added to report
-------------------------
November 13, 2018, 1:01 am
Attempt: 38 / 704 contacts added to report
-------------------------
November 13, 2018, 1:01 am
Attempt: 39 / 704 contacts added to report
-------------------------
November 13, 2018, 1:01 am
Attempt: 40 / 704 contacts added to report
-------------------------
November 13, 2018, 1:01 am
Attempt: 41 / 704 contacts added to report
-------------------------
November 13, 2018, 1:01 am
Attempt: 42 / 704 contacts added to report
-------------------------
November 13, 2018, 1:01 am
Attempt: 43 / 704 contacts added to report
-------------------------
November 13, 2018, 1:01 am
Attempt: 44 / 704 contacts added to report
-------------------------
November 13, 2018, 1:01 am
Attempt: 45 / 704 contacts added to report
-------------------------
November 13, 2018, 1:01 am
Attempt: 46 / 704 contacts added to report
-------------------------
November 13, 2018, 1:01 am
Attempt: 47 / 704 contacts added to report
-------------------------
November 13, 2018, 1:01 am
Attempt: 48 / 704 contacts added to report
-------------------------
November 13, 2018, 1:01 am
Attempt: 49 / 704 contacts added to report
-------------------------
November 13, 2018, 1:01 am
Attempt: 50 / 704 contacts added to report
-------------------------
November 13, 2018, 1:01 am
Attempt: Converting Report to file for later download
-------------------------
November 13, 2018, 1:01 am
Attempt: Conversion complete.
-------------------------
November 13, 2018, 1:01 am
Attempt: Finished Cron 3.
-------------------------
