November 18, 2018, 5:56 pm
Attempt: Initializing Cron with id 21...
-------------------------
November 18, 2018, 5:56 pm
Attempt: Loading Spreadsheet...
-------------------------
November 18, 2018, 5:57 pm
Attempt: Converting Spreadsheet Into an Array...
-------------------------
November 18, 2018, 5:57 pm
Attempt: Reducing Array of Data into 11 Columns...
-------------------------
November 18, 2018, 5:57 pm
Attempt: Potential Duplicate. Email Already Exists In System ao2836@email.vccs.edu.
-------------------------
November 18, 2018, 5:57 pm
Attempt: Potential Duplicate. Email Already Exists In System af292@email.vccs.edu.
-------------------------
November 18, 2018, 5:57 pm
Attempt: Potential Duplicate. Email Already Exists In System .
-------------------------
