November 13, 2018, 1:06 am
Attempt: Counting Contacts For Report: 704...
-------------------------
November 13, 2018, 1:06 am
Attempt: 1 / 704 contacts added to report
-------------------------
November 13, 2018, 1:06 am
Attempt: 2 / 704 contacts added to report
-------------------------
November 13, 2018, 1:06 am
Attempt: 3 / 704 contacts added to report
-------------------------
November 13, 2018, 1:06 am
Attempt: 4 / 704 contacts added to report
-------------------------
November 13, 2018, 1:06 am
Attempt: 5 / 704 contacts added to report
-------------------------
November 13, 2018, 1:06 am
Attempt: 6 / 704 contacts added to report
-------------------------
November 13, 2018, 1:06 am
Attempt: 7 / 704 contacts added to report
-------------------------
November 13, 2018, 1:06 am
Attempt: 8 / 704 contacts added to report
-------------------------
November 13, 2018, 1:06 am
Attempt: 9 / 704 contacts added to report
-------------------------
November 13, 2018, 1:06 am
Attempt: 10 / 704 contacts added to report
-------------------------
November 13, 2018, 1:06 am
Attempt: 11 / 704 contacts added to report
-------------------------
November 13, 2018, 1:06 am
Attempt: 12 / 704 contacts added to report
-------------------------
November 13, 2018, 1:06 am
Attempt: 13 / 704 contacts added to report
-------------------------
November 13, 2018, 1:06 am
Attempt: 14 / 704 contacts added to report
-------------------------
November 13, 2018, 1:06 am
Attempt: 15 / 704 contacts added to report
-------------------------
November 13, 2018, 1:06 am
Attempt: 16 / 704 contacts added to report
-------------------------
November 13, 2018, 1:06 am
Attempt: 17 / 704 contacts added to report
-------------------------
November 13, 2018, 1:06 am
Attempt: 18 / 704 contacts added to report
-------------------------
November 13, 2018, 1:06 am
Attempt: 19 / 704 contacts added to report
-------------------------
November 13, 2018, 1:06 am
Attempt: 20 / 704 contacts added to report
-------------------------
November 13, 2018, 1:06 am
Attempt: 21 / 704 contacts added to report
-------------------------
November 13, 2018, 1:06 am
Attempt: 22 / 704 contacts added to report
-------------------------
November 13, 2018, 1:06 am
Attempt: 23 / 704 contacts added to report
-------------------------
November 13, 2018, 1:06 am
Attempt: 24 / 704 contacts added to report
-------------------------
November 13, 2018, 1:06 am
Attempt: 25 / 704 contacts added to report
-------------------------
November 13, 2018, 1:06 am
Attempt: 26 / 704 contacts added to report
-------------------------
November 13, 2018, 1:06 am
Attempt: 27 / 704 contacts added to report
-------------------------
November 13, 2018, 1:06 am
Attempt: 28 / 704 contacts added to report
-------------------------
November 13, 2018, 1:06 am
Attempt: 29 / 704 contacts added to report
-------------------------
November 13, 2018, 1:06 am
Attempt: 30 / 704 contacts added to report
-------------------------
November 13, 2018, 1:06 am
Attempt: 31 / 704 contacts added to report
-------------------------
November 13, 2018, 1:06 am
Attempt: 32 / 704 contacts added to report
-------------------------
November 13, 2018, 1:06 am
Attempt: 33 / 704 contacts added to report
-------------------------
November 13, 2018, 1:06 am
Attempt: 34 / 704 contacts added to report
-------------------------
November 13, 2018, 1:06 am
Attempt: 35 / 704 contacts added to report
-------------------------
November 13, 2018, 1:06 am
Attempt: 36 / 704 contacts added to report
-------------------------
November 13, 2018, 1:06 am
Attempt: 37 / 704 contacts added to report
-------------------------
November 13, 2018, 1:06 am
Attempt: 38 / 704 contacts added to report
-------------------------
November 13, 2018, 1:06 am
Attempt: 39 / 704 contacts added to report
-------------------------
November 13, 2018, 1:06 am
Attempt: 40 / 704 contacts added to report
-------------------------
November 13, 2018, 1:06 am
Attempt: 41 / 704 contacts added to report
-------------------------
November 13, 2018, 1:06 am
Attempt: 42 / 704 contacts added to report
-------------------------
November 13, 2018, 1:06 am
Attempt: 43 / 704 contacts added to report
-------------------------
November 13, 2018, 1:06 am
Attempt: 44 / 704 contacts added to report
-------------------------
November 13, 2018, 1:06 am
Attempt: 45 / 704 contacts added to report
-------------------------
November 13, 2018, 1:06 am
Attempt: 46 / 704 contacts added to report
-------------------------
November 13, 2018, 1:06 am
Attempt: 47 / 704 contacts added to report
-------------------------
November 13, 2018, 1:06 am
Attempt: 48 / 704 contacts added to report
-------------------------
November 13, 2018, 1:06 am
Attempt: 49 / 704 contacts added to report
-------------------------
November 13, 2018, 1:06 am
Attempt: 50 / 704 contacts added to report
-------------------------
November 13, 2018, 1:06 am
Attempt: 51 / 704 contacts added to report
-------------------------
November 13, 2018, 1:06 am
Attempt: 52 / 704 contacts added to report
-------------------------
November 13, 2018, 1:06 am
Attempt: 53 / 704 contacts added to report
-------------------------
November 13, 2018, 1:06 am
Attempt: 54 / 704 contacts added to report
-------------------------
November 13, 2018, 1:06 am
Attempt: 55 / 704 contacts added to report
-------------------------
November 13, 2018, 1:06 am
Attempt: 56 / 704 contacts added to report
-------------------------
November 13, 2018, 1:06 am
Attempt: 57 / 704 contacts added to report
-------------------------
November 13, 2018, 1:06 am
Attempt: 58 / 704 contacts added to report
-------------------------
November 13, 2018, 1:06 am
Attempt: 59 / 704 contacts added to report
-------------------------
November 13, 2018, 1:06 am
Attempt: 60 / 704 contacts added to report
-------------------------
November 13, 2018, 1:06 am
Attempt: 61 / 704 contacts added to report
-------------------------
November 13, 2018, 1:06 am
Attempt: 62 / 704 contacts added to report
-------------------------
November 13, 2018, 1:06 am
Attempt: 63 / 704 contacts added to report
-------------------------
November 13, 2018, 1:06 am
Attempt: 64 / 704 contacts added to report
-------------------------
November 13, 2018, 1:06 am
Attempt: 65 / 704 contacts added to report
-------------------------
November 13, 2018, 1:06 am
Attempt: 66 / 704 contacts added to report
-------------------------
November 13, 2018, 1:06 am
Attempt: 67 / 704 contacts added to report
-------------------------
November 13, 2018, 1:06 am
Attempt: 68 / 704 contacts added to report
-------------------------
November 13, 2018, 1:06 am
Attempt: 69 / 704 contacts added to report
-------------------------
November 13, 2018, 1:06 am
Attempt: 70 / 704 contacts added to report
-------------------------
November 13, 2018, 1:06 am
Attempt: 71 / 704 contacts added to report
-------------------------
November 13, 2018, 1:06 am
Attempt: 72 / 704 contacts added to report
-------------------------
November 13, 2018, 1:06 am
Attempt: 73 / 704 contacts added to report
-------------------------
November 13, 2018, 1:06 am
Attempt: 74 / 704 contacts added to report
-------------------------
November 13, 2018, 1:06 am
Attempt: 75 / 704 contacts added to report
-------------------------
November 13, 2018, 1:06 am
Attempt: 76 / 704 contacts added to report
-------------------------
November 13, 2018, 1:06 am
Attempt: 77 / 704 contacts added to report
-------------------------
November 13, 2018, 1:06 am
Attempt: 78 / 704 contacts added to report
-------------------------
November 13, 2018, 1:06 am
Attempt: 79 / 704 contacts added to report
-------------------------
November 13, 2018, 1:06 am
Attempt: 80 / 704 contacts added to report
-------------------------
November 13, 2018, 1:06 am
Attempt: 81 / 704 contacts added to report
-------------------------
November 13, 2018, 1:06 am
Attempt: 82 / 704 contacts added to report
-------------------------
November 13, 2018, 1:06 am
Attempt: 83 / 704 contacts added to report
-------------------------
November 13, 2018, 1:06 am
Attempt: 84 / 704 contacts added to report
-------------------------
November 13, 2018, 1:06 am
Attempt: 85 / 704 contacts added to report
-------------------------
November 13, 2018, 1:06 am
Attempt: 86 / 704 contacts added to report
-------------------------
November 13, 2018, 1:06 am
Attempt: 87 / 704 contacts added to report
-------------------------
November 13, 2018, 1:06 am
Attempt: 88 / 704 contacts added to report
-------------------------
November 13, 2018, 1:06 am
Attempt: 89 / 704 contacts added to report
-------------------------
November 13, 2018, 1:06 am
Attempt: 90 / 704 contacts added to report
-------------------------
November 13, 2018, 1:06 am
Attempt: 91 / 704 contacts added to report
-------------------------
November 13, 2018, 1:06 am
Attempt: 92 / 704 contacts added to report
-------------------------
November 13, 2018, 1:06 am
Attempt: 93 / 704 contacts added to report
-------------------------
November 13, 2018, 1:06 am
Attempt: 94 / 704 contacts added to report
-------------------------
November 13, 2018, 1:06 am
Attempt: 95 / 704 contacts added to report
-------------------------
November 13, 2018, 1:06 am
Attempt: 96 / 704 contacts added to report
-------------------------
November 13, 2018, 1:06 am
Attempt: 97 / 704 contacts added to report
-------------------------
November 13, 2018, 1:06 am
Attempt: 98 / 704 contacts added to report
-------------------------
November 13, 2018, 1:06 am
Attempt: 99 / 704 contacts added to report
-------------------------
November 13, 2018, 1:06 am
Attempt: 100 / 704 contacts added to report
-------------------------
November 13, 2018, 1:06 am
Attempt: 101 / 704 contacts added to report
-------------------------
November 13, 2018, 1:06 am
Attempt: 102 / 704 contacts added to report
-------------------------
November 13, 2018, 1:06 am
Attempt: 103 / 704 contacts added to report
-------------------------
November 13, 2018, 1:06 am
Attempt: 104 / 704 contacts added to report
-------------------------
November 13, 2018, 1:06 am
Attempt: 105 / 704 contacts added to report
-------------------------
November 13, 2018, 1:06 am
Attempt: 106 / 704 contacts added to report
-------------------------
November 13, 2018, 1:06 am
Attempt: 107 / 704 contacts added to report
-------------------------
November 13, 2018, 1:06 am
Attempt: 108 / 704 contacts added to report
-------------------------
November 13, 2018, 1:06 am
Attempt: 109 / 704 contacts added to report
-------------------------
November 13, 2018, 1:06 am
Attempt: 110 / 704 contacts added to report
-------------------------
November 13, 2018, 1:06 am
Attempt: 111 / 704 contacts added to report
-------------------------
November 13, 2018, 1:06 am
Attempt: 112 / 704 contacts added to report
-------------------------
November 13, 2018, 1:06 am
Attempt: 113 / 704 contacts added to report
-------------------------
November 13, 2018, 1:06 am
Attempt: 114 / 704 contacts added to report
-------------------------
November 13, 2018, 1:06 am
Attempt: 115 / 704 contacts added to report
-------------------------
November 13, 2018, 1:06 am
Attempt: 116 / 704 contacts added to report
-------------------------
November 13, 2018, 1:06 am
Attempt: 117 / 704 contacts added to report
-------------------------
November 13, 2018, 1:06 am
Attempt: 118 / 704 contacts added to report
-------------------------
November 13, 2018, 1:06 am
Attempt: 119 / 704 contacts added to report
-------------------------
November 13, 2018, 1:06 am
Attempt: 120 / 704 contacts added to report
-------------------------
November 13, 2018, 1:06 am
Attempt: 121 / 704 contacts added to report
-------------------------
November 13, 2018, 1:06 am
Attempt: 122 / 704 contacts added to report
-------------------------
November 13, 2018, 1:06 am
Attempt: 123 / 704 contacts added to report
-------------------------
November 13, 2018, 1:06 am
Attempt: 124 / 704 contacts added to report
-------------------------
November 13, 2018, 1:06 am
Attempt: 125 / 704 contacts added to report
-------------------------
November 13, 2018, 1:06 am
Attempt: 126 / 704 contacts added to report
-------------------------
November 13, 2018, 1:06 am
Attempt: 127 / 704 contacts added to report
-------------------------
November 13, 2018, 1:06 am
Attempt: 128 / 704 contacts added to report
-------------------------
November 13, 2018, 1:06 am
Attempt: 129 / 704 contacts added to report
-------------------------
November 13, 2018, 1:06 am
Attempt: 130 / 704 contacts added to report
-------------------------
November 13, 2018, 1:06 am
Attempt: 131 / 704 contacts added to report
-------------------------
November 13, 2018, 1:06 am
Attempt: 132 / 704 contacts added to report
-------------------------
November 13, 2018, 1:06 am
Attempt: 133 / 704 contacts added to report
-------------------------
November 13, 2018, 1:06 am
Attempt: 134 / 704 contacts added to report
-------------------------
November 13, 2018, 1:06 am
Attempt: 135 / 704 contacts added to report
-------------------------
November 13, 2018, 1:06 am
Attempt: 136 / 704 contacts added to report
-------------------------
November 13, 2018, 1:06 am
Attempt: 137 / 704 contacts added to report
-------------------------
November 13, 2018, 1:06 am
Attempt: 138 / 704 contacts added to report
-------------------------
November 13, 2018, 1:06 am
Attempt: 139 / 704 contacts added to report
-------------------------
November 13, 2018, 1:06 am
Attempt: 140 / 704 contacts added to report
-------------------------
November 13, 2018, 1:06 am
Attempt: 141 / 704 contacts added to report
-------------------------
November 13, 2018, 1:06 am
Attempt: 142 / 704 contacts added to report
-------------------------
November 13, 2018, 1:06 am
Attempt: 143 / 704 contacts added to report
-------------------------
November 13, 2018, 1:06 am
Attempt: 144 / 704 contacts added to report
-------------------------
November 13, 2018, 1:06 am
Attempt: 145 / 704 contacts added to report
-------------------------
November 13, 2018, 1:06 am
Attempt: 146 / 704 contacts added to report
-------------------------
November 13, 2018, 1:06 am
Attempt: 147 / 704 contacts added to report
-------------------------
November 13, 2018, 1:06 am
Attempt: 148 / 704 contacts added to report
-------------------------
November 13, 2018, 1:06 am
Attempt: 149 / 704 contacts added to report
-------------------------
November 13, 2018, 1:06 am
Attempt: 150 / 704 contacts added to report
-------------------------
November 13, 2018, 1:06 am
Attempt: 151 / 704 contacts added to report
-------------------------
November 13, 2018, 1:06 am
Attempt: 152 / 704 contacts added to report
-------------------------
November 13, 2018, 1:06 am
Attempt: 153 / 704 contacts added to report
-------------------------
November 13, 2018, 1:06 am
Attempt: 154 / 704 contacts added to report
-------------------------
November 13, 2018, 1:06 am
Attempt: 155 / 704 contacts added to report
-------------------------
November 13, 2018, 1:06 am
Attempt: 156 / 704 contacts added to report
-------------------------
November 13, 2018, 1:06 am
Attempt: 157 / 704 contacts added to report
-------------------------
November 13, 2018, 1:06 am
Attempt: 158 / 704 contacts added to report
-------------------------
November 13, 2018, 1:06 am
Attempt: 159 / 704 contacts added to report
-------------------------
November 13, 2018, 1:06 am
Attempt: 160 / 704 contacts added to report
-------------------------
November 13, 2018, 1:06 am
Attempt: 161 / 704 contacts added to report
-------------------------
November 13, 2018, 1:06 am
Attempt: 162 / 704 contacts added to report
-------------------------
November 13, 2018, 1:06 am
Attempt: 163 / 704 contacts added to report
-------------------------
November 13, 2018, 1:06 am
Attempt: 164 / 704 contacts added to report
-------------------------
November 13, 2018, 1:06 am
Attempt: 165 / 704 contacts added to report
-------------------------
November 13, 2018, 1:06 am
Attempt: 166 / 704 contacts added to report
-------------------------
November 13, 2018, 1:06 am
Attempt: 167 / 704 contacts added to report
-------------------------
November 13, 2018, 1:06 am
Attempt: 168 / 704 contacts added to report
-------------------------
November 13, 2018, 1:06 am
Attempt: 169 / 704 contacts added to report
-------------------------
November 13, 2018, 1:06 am
Attempt: 170 / 704 contacts added to report
-------------------------
November 13, 2018, 1:06 am
Attempt: 171 / 704 contacts added to report
-------------------------
November 13, 2018, 1:06 am
Attempt: 172 / 704 contacts added to report
-------------------------
November 13, 2018, 1:06 am
Attempt: 173 / 704 contacts added to report
-------------------------
November 13, 2018, 1:06 am
Attempt: 174 / 704 contacts added to report
-------------------------
November 13, 2018, 1:07 am
Attempt: 175 / 704 contacts added to report
-------------------------
November 13, 2018, 1:07 am
Attempt: 176 / 704 contacts added to report
-------------------------
November 13, 2018, 1:07 am
Attempt: 177 / 704 contacts added to report
-------------------------
November 13, 2018, 1:07 am
Attempt: 178 / 704 contacts added to report
-------------------------
November 13, 2018, 1:07 am
Attempt: 179 / 704 contacts added to report
-------------------------
November 13, 2018, 1:07 am
Attempt: 180 / 704 contacts added to report
-------------------------
November 13, 2018, 1:07 am
Attempt: 181 / 704 contacts added to report
-------------------------
November 13, 2018, 1:07 am
Attempt: 182 / 704 contacts added to report
-------------------------
November 13, 2018, 1:07 am
Attempt: 183 / 704 contacts added to report
-------------------------
November 13, 2018, 1:07 am
Attempt: 184 / 704 contacts added to report
-------------------------
November 13, 2018, 1:07 am
Attempt: 185 / 704 contacts added to report
-------------------------
November 13, 2018, 1:07 am
Attempt: 186 / 704 contacts added to report
-------------------------
November 13, 2018, 1:07 am
Attempt: 187 / 704 contacts added to report
-------------------------
November 13, 2018, 1:07 am
Attempt: 188 / 704 contacts added to report
-------------------------
November 13, 2018, 1:07 am
Attempt: 189 / 704 contacts added to report
-------------------------
November 13, 2018, 1:07 am
Attempt: 190 / 704 contacts added to report
-------------------------
November 13, 2018, 1:07 am
Attempt: 191 / 704 contacts added to report
-------------------------
November 13, 2018, 1:07 am
Attempt: 192 / 704 contacts added to report
-------------------------
November 13, 2018, 1:07 am
Attempt: 193 / 704 contacts added to report
-------------------------
November 13, 2018, 1:07 am
Attempt: 194 / 704 contacts added to report
-------------------------
November 13, 2018, 1:07 am
Attempt: 195 / 704 contacts added to report
-------------------------
November 13, 2018, 1:07 am
Attempt: 196 / 704 contacts added to report
-------------------------
November 13, 2018, 1:07 am
Attempt: 197 / 704 contacts added to report
-------------------------
November 13, 2018, 1:07 am
Attempt: 198 / 704 contacts added to report
-------------------------
November 13, 2018, 1:07 am
Attempt: 199 / 704 contacts added to report
-------------------------
November 13, 2018, 1:07 am
Attempt: 200 / 704 contacts added to report
-------------------------
November 13, 2018, 1:07 am
Attempt: 201 / 704 contacts added to report
-------------------------
November 13, 2018, 1:07 am
Attempt: 202 / 704 contacts added to report
-------------------------
November 13, 2018, 1:07 am
Attempt: 203 / 704 contacts added to report
-------------------------
November 13, 2018, 1:07 am
Attempt: 204 / 704 contacts added to report
-------------------------
November 13, 2018, 1:07 am
Attempt: 205 / 704 contacts added to report
-------------------------
November 13, 2018, 1:07 am
Attempt: 206 / 704 contacts added to report
-------------------------
November 13, 2018, 1:07 am
Attempt: 207 / 704 contacts added to report
-------------------------
November 13, 2018, 1:07 am
Attempt: 208 / 704 contacts added to report
-------------------------
November 13, 2018, 1:07 am
Attempt: 209 / 704 contacts added to report
-------------------------
November 13, 2018, 1:07 am
Attempt: 210 / 704 contacts added to report
-------------------------
November 13, 2018, 1:07 am
Attempt: 211 / 704 contacts added to report
-------------------------
November 13, 2018, 1:07 am
Attempt: 212 / 704 contacts added to report
-------------------------
November 13, 2018, 1:07 am
Attempt: 213 / 704 contacts added to report
-------------------------
November 13, 2018, 1:07 am
Attempt: 214 / 704 contacts added to report
-------------------------
November 13, 2018, 1:07 am
Attempt: 215 / 704 contacts added to report
-------------------------
November 13, 2018, 1:07 am
Attempt: 216 / 704 contacts added to report
-------------------------
November 13, 2018, 1:07 am
Attempt: 217 / 704 contacts added to report
-------------------------
November 13, 2018, 1:07 am
Attempt: 218 / 704 contacts added to report
-------------------------
November 13, 2018, 1:07 am
Attempt: 219 / 704 contacts added to report
-------------------------
November 13, 2018, 1:07 am
Attempt: 220 / 704 contacts added to report
-------------------------
November 13, 2018, 1:07 am
Attempt: 221 / 704 contacts added to report
-------------------------
November 13, 2018, 1:07 am
Attempt: 222 / 704 contacts added to report
-------------------------
November 13, 2018, 1:07 am
Attempt: 223 / 704 contacts added to report
-------------------------
November 13, 2018, 1:07 am
Attempt: 224 / 704 contacts added to report
-------------------------
November 13, 2018, 1:07 am
Attempt: 225 / 704 contacts added to report
-------------------------
November 13, 2018, 1:07 am
Attempt: 226 / 704 contacts added to report
-------------------------
November 13, 2018, 1:07 am
Attempt: 227 / 704 contacts added to report
-------------------------
November 13, 2018, 1:07 am
Attempt: 228 / 704 contacts added to report
-------------------------
November 13, 2018, 1:07 am
Attempt: 229 / 704 contacts added to report
-------------------------
November 13, 2018, 1:07 am
Attempt: 230 / 704 contacts added to report
-------------------------
November 13, 2018, 1:07 am
Attempt: 231 / 704 contacts added to report
-------------------------
November 13, 2018, 1:07 am
Attempt: 232 / 704 contacts added to report
-------------------------
November 13, 2018, 1:07 am
Attempt: 233 / 704 contacts added to report
-------------------------
November 13, 2018, 1:07 am
Attempt: 234 / 704 contacts added to report
-------------------------
November 13, 2018, 1:07 am
Attempt: 235 / 704 contacts added to report
-------------------------
November 13, 2018, 1:07 am
Attempt: 236 / 704 contacts added to report
-------------------------
November 13, 2018, 1:07 am
Attempt: 237 / 704 contacts added to report
-------------------------
November 13, 2018, 1:07 am
Attempt: 238 / 704 contacts added to report
-------------------------
November 13, 2018, 1:07 am
Attempt: 239 / 704 contacts added to report
-------------------------
November 13, 2018, 1:07 am
Attempt: 240 / 704 contacts added to report
-------------------------
November 13, 2018, 1:07 am
Attempt: 241 / 704 contacts added to report
-------------------------
November 13, 2018, 1:07 am
Attempt: 242 / 704 contacts added to report
-------------------------
November 13, 2018, 1:07 am
Attempt: 243 / 704 contacts added to report
-------------------------
November 13, 2018, 1:07 am
Attempt: 244 / 704 contacts added to report
-------------------------
November 13, 2018, 1:07 am
Attempt: 245 / 704 contacts added to report
-------------------------
November 13, 2018, 1:07 am
Attempt: 246 / 704 contacts added to report
-------------------------
November 13, 2018, 1:07 am
Attempt: 247 / 704 contacts added to report
-------------------------
November 13, 2018, 1:07 am
Attempt: 248 / 704 contacts added to report
-------------------------
November 13, 2018, 1:07 am
Attempt: 249 / 704 contacts added to report
-------------------------
November 13, 2018, 1:07 am
Attempt: 250 / 704 contacts added to report
-------------------------
November 13, 2018, 1:07 am
Attempt: 251 / 704 contacts added to report
-------------------------
November 13, 2018, 1:07 am
Attempt: 252 / 704 contacts added to report
-------------------------
November 13, 2018, 1:07 am
Attempt: 253 / 704 contacts added to report
-------------------------
November 13, 2018, 1:07 am
Attempt: 254 / 704 contacts added to report
-------------------------
November 13, 2018, 1:07 am
Attempt: 255 / 704 contacts added to report
-------------------------
November 13, 2018, 1:07 am
Attempt: 256 / 704 contacts added to report
-------------------------
November 13, 2018, 1:07 am
Attempt: 257 / 704 contacts added to report
-------------------------
November 13, 2018, 1:07 am
Attempt: 258 / 704 contacts added to report
-------------------------
November 13, 2018, 1:07 am
Attempt: 259 / 704 contacts added to report
-------------------------
November 13, 2018, 1:07 am
Attempt: 260 / 704 contacts added to report
-------------------------
November 13, 2018, 1:07 am
Attempt: 261 / 704 contacts added to report
-------------------------
November 13, 2018, 1:07 am
Attempt: 262 / 704 contacts added to report
-------------------------
November 13, 2018, 1:07 am
Attempt: 263 / 704 contacts added to report
-------------------------
November 13, 2018, 1:07 am
Attempt: 264 / 704 contacts added to report
-------------------------
November 13, 2018, 1:07 am
Attempt: 265 / 704 contacts added to report
-------------------------
November 13, 2018, 1:07 am
Attempt: 266 / 704 contacts added to report
-------------------------
November 13, 2018, 1:07 am
Attempt: 267 / 704 contacts added to report
-------------------------
November 13, 2018, 1:07 am
Attempt: 268 / 704 contacts added to report
-------------------------
November 13, 2018, 1:07 am
Attempt: 269 / 704 contacts added to report
-------------------------
November 13, 2018, 1:07 am
Attempt: 270 / 704 contacts added to report
-------------------------
November 13, 2018, 1:07 am
Attempt: 271 / 704 contacts added to report
-------------------------
November 13, 2018, 1:07 am
Attempt: 272 / 704 contacts added to report
-------------------------
November 13, 2018, 1:07 am
Attempt: 273 / 704 contacts added to report
-------------------------
November 13, 2018, 1:07 am
Attempt: 274 / 704 contacts added to report
-------------------------
November 13, 2018, 1:07 am
Attempt: 275 / 704 contacts added to report
-------------------------
November 13, 2018, 1:07 am
Attempt: 276 / 704 contacts added to report
-------------------------
November 13, 2018, 1:07 am
Attempt: 277 / 704 contacts added to report
-------------------------
November 13, 2018, 1:07 am
Attempt: 278 / 704 contacts added to report
-------------------------
November 13, 2018, 1:07 am
Attempt: 279 / 704 contacts added to report
-------------------------
November 13, 2018, 1:07 am
Attempt: 280 / 704 contacts added to report
-------------------------
November 13, 2018, 1:07 am
Attempt: 281 / 704 contacts added to report
-------------------------
November 13, 2018, 1:07 am
Attempt: 282 / 704 contacts added to report
-------------------------
November 13, 2018, 1:07 am
Attempt: 283 / 704 contacts added to report
-------------------------
November 13, 2018, 1:07 am
Attempt: 284 / 704 contacts added to report
-------------------------
November 13, 2018, 1:07 am
Attempt: 285 / 704 contacts added to report
-------------------------
November 13, 2018, 1:07 am
Attempt: 286 / 704 contacts added to report
-------------------------
November 13, 2018, 1:07 am
Attempt: 287 / 704 contacts added to report
-------------------------
November 13, 2018, 1:07 am
Attempt: 288 / 704 contacts added to report
-------------------------
November 13, 2018, 1:07 am
Attempt: 289 / 704 contacts added to report
-------------------------
November 13, 2018, 1:07 am
Attempt: 290 / 704 contacts added to report
-------------------------
November 13, 2018, 1:07 am
Attempt: 291 / 704 contacts added to report
-------------------------
November 13, 2018, 1:07 am
Attempt: 292 / 704 contacts added to report
-------------------------
November 13, 2018, 1:07 am
Attempt: 293 / 704 contacts added to report
-------------------------
November 13, 2018, 1:07 am
Attempt: 294 / 704 contacts added to report
-------------------------
November 13, 2018, 1:07 am
Attempt: 295 / 704 contacts added to report
-------------------------
November 13, 2018, 1:07 am
Attempt: 296 / 704 contacts added to report
-------------------------
November 13, 2018, 1:07 am
Attempt: 297 / 704 contacts added to report
-------------------------
November 13, 2018, 1:07 am
Attempt: 298 / 704 contacts added to report
-------------------------
November 13, 2018, 1:07 am
Attempt: 299 / 704 contacts added to report
-------------------------
November 13, 2018, 1:07 am
Attempt: 300 / 704 contacts added to report
-------------------------
November 13, 2018, 1:07 am
Attempt: 301 / 704 contacts added to report
-------------------------
November 13, 2018, 1:07 am
Attempt: 302 / 704 contacts added to report
-------------------------
November 13, 2018, 1:07 am
Attempt: 303 / 704 contacts added to report
-------------------------
November 13, 2018, 1:07 am
Attempt: 304 / 704 contacts added to report
-------------------------
November 13, 2018, 1:07 am
Attempt: 305 / 704 contacts added to report
-------------------------
November 13, 2018, 1:07 am
Attempt: 306 / 704 contacts added to report
-------------------------
November 13, 2018, 1:07 am
Attempt: 307 / 704 contacts added to report
-------------------------
November 13, 2018, 1:07 am
Attempt: 308 / 704 contacts added to report
-------------------------
November 13, 2018, 1:07 am
Attempt: 309 / 704 contacts added to report
-------------------------
November 13, 2018, 1:07 am
Attempt: 310 / 704 contacts added to report
-------------------------
November 13, 2018, 1:07 am
Attempt: 311 / 704 contacts added to report
-------------------------
November 13, 2018, 1:07 am
Attempt: 312 / 704 contacts added to report
-------------------------
November 13, 2018, 1:07 am
Attempt: 313 / 704 contacts added to report
-------------------------
November 13, 2018, 1:07 am
Attempt: 314 / 704 contacts added to report
-------------------------
November 13, 2018, 1:07 am
Attempt: 315 / 704 contacts added to report
-------------------------
November 13, 2018, 1:07 am
Attempt: 316 / 704 contacts added to report
-------------------------
November 13, 2018, 1:07 am
Attempt: 317 / 704 contacts added to report
-------------------------
November 13, 2018, 1:07 am
Attempt: 318 / 704 contacts added to report
-------------------------
November 13, 2018, 1:07 am
Attempt: 319 / 704 contacts added to report
-------------------------
November 13, 2018, 1:07 am
Attempt: 320 / 704 contacts added to report
-------------------------
November 13, 2018, 1:07 am
Attempt: 321 / 704 contacts added to report
-------------------------
November 13, 2018, 1:07 am
Attempt: 322 / 704 contacts added to report
-------------------------
November 13, 2018, 1:07 am
Attempt: 323 / 704 contacts added to report
-------------------------
November 13, 2018, 1:07 am
Attempt: 324 / 704 contacts added to report
-------------------------
November 13, 2018, 1:07 am
Attempt: 325 / 704 contacts added to report
-------------------------
November 13, 2018, 1:07 am
Attempt: 326 / 704 contacts added to report
-------------------------
November 13, 2018, 1:07 am
Attempt: 327 / 704 contacts added to report
-------------------------
November 13, 2018, 1:07 am
Attempt: 328 / 704 contacts added to report
-------------------------
November 13, 2018, 1:07 am
Attempt: 329 / 704 contacts added to report
-------------------------
November 13, 2018, 1:07 am
Attempt: 330 / 704 contacts added to report
-------------------------
November 13, 2018, 1:07 am
Attempt: 331 / 704 contacts added to report
-------------------------
November 13, 2018, 1:07 am
Attempt: 332 / 704 contacts added to report
-------------------------
November 13, 2018, 1:07 am
Attempt: 333 / 704 contacts added to report
-------------------------
November 13, 2018, 1:07 am
Attempt: 334 / 704 contacts added to report
-------------------------
November 13, 2018, 1:07 am
Attempt: 335 / 704 contacts added to report
-------------------------
November 13, 2018, 1:07 am
Attempt: 336 / 704 contacts added to report
-------------------------
November 13, 2018, 1:07 am
Attempt: 337 / 704 contacts added to report
-------------------------
November 13, 2018, 1:07 am
Attempt: 338 / 704 contacts added to report
-------------------------
November 13, 2018, 1:07 am
Attempt: 339 / 704 contacts added to report
-------------------------
November 13, 2018, 1:07 am
Attempt: 340 / 704 contacts added to report
-------------------------
November 13, 2018, 1:07 am
Attempt: 341 / 704 contacts added to report
-------------------------
November 13, 2018, 1:07 am
Attempt: 342 / 704 contacts added to report
-------------------------
November 13, 2018, 1:07 am
Attempt: 343 / 704 contacts added to report
-------------------------
November 13, 2018, 1:07 am
Attempt: 344 / 704 contacts added to report
-------------------------
November 13, 2018, 1:07 am
Attempt: 345 / 704 contacts added to report
-------------------------
November 13, 2018, 1:07 am
Attempt: 346 / 704 contacts added to report
-------------------------
November 13, 2018, 1:07 am
Attempt: 347 / 704 contacts added to report
-------------------------
November 13, 2018, 1:07 am
Attempt: 348 / 704 contacts added to report
-------------------------
November 13, 2018, 1:07 am
Attempt: 349 / 704 contacts added to report
-------------------------
November 13, 2018, 1:07 am
Attempt: 350 / 704 contacts added to report
-------------------------
November 13, 2018, 1:07 am
Attempt: 351 / 704 contacts added to report
-------------------------
November 13, 2018, 1:07 am
Attempt: 352 / 704 contacts added to report
-------------------------
November 13, 2018, 1:07 am
Attempt: 353 / 704 contacts added to report
-------------------------
November 13, 2018, 1:07 am
Attempt: 354 / 704 contacts added to report
-------------------------
November 13, 2018, 1:07 am
Attempt: 355 / 704 contacts added to report
-------------------------
November 13, 2018, 1:07 am
Attempt: 356 / 704 contacts added to report
-------------------------
November 13, 2018, 1:07 am
Attempt: 357 / 704 contacts added to report
-------------------------
November 13, 2018, 1:07 am
Attempt: 358 / 704 contacts added to report
-------------------------
November 13, 2018, 1:07 am
Attempt: 359 / 704 contacts added to report
-------------------------
November 13, 2018, 1:07 am
Attempt: 360 / 704 contacts added to report
-------------------------
November 13, 2018, 1:07 am
Attempt: 361 / 704 contacts added to report
-------------------------
November 13, 2018, 1:07 am
Attempt: 362 / 704 contacts added to report
-------------------------
November 13, 2018, 1:07 am
Attempt: 363 / 704 contacts added to report
-------------------------
November 13, 2018, 1:07 am
Attempt: 364 / 704 contacts added to report
-------------------------
November 13, 2018, 1:07 am
Attempt: 365 / 704 contacts added to report
-------------------------
November 13, 2018, 1:07 am
Attempt: 366 / 704 contacts added to report
-------------------------
November 13, 2018, 1:07 am
Attempt: 367 / 704 contacts added to report
-------------------------
November 13, 2018, 1:07 am
Attempt: 368 / 704 contacts added to report
-------------------------
November 13, 2018, 1:07 am
Attempt: 369 / 704 contacts added to report
-------------------------
November 13, 2018, 1:07 am
Attempt: 370 / 704 contacts added to report
-------------------------
November 13, 2018, 1:07 am
Attempt: 371 / 704 contacts added to report
-------------------------
November 13, 2018, 1:07 am
Attempt: 372 / 704 contacts added to report
-------------------------
November 13, 2018, 1:07 am
Attempt: 373 / 704 contacts added to report
-------------------------
November 13, 2018, 1:07 am
Attempt: 374 / 704 contacts added to report
-------------------------
November 13, 2018, 1:07 am
Attempt: 375 / 704 contacts added to report
-------------------------
November 13, 2018, 1:07 am
Attempt: 376 / 704 contacts added to report
-------------------------
November 13, 2018, 1:07 am
Attempt: 377 / 704 contacts added to report
-------------------------
November 13, 2018, 1:07 am
Attempt: 378 / 704 contacts added to report
-------------------------
November 13, 2018, 1:07 am
Attempt: 379 / 704 contacts added to report
-------------------------
November 13, 2018, 1:07 am
Attempt: 380 / 704 contacts added to report
-------------------------
November 13, 2018, 1:07 am
Attempt: 381 / 704 contacts added to report
-------------------------
November 13, 2018, 1:07 am
Attempt: 382 / 704 contacts added to report
-------------------------
November 13, 2018, 1:07 am
Attempt: 383 / 704 contacts added to report
-------------------------
November 13, 2018, 1:07 am
Attempt: 384 / 704 contacts added to report
-------------------------
November 13, 2018, 1:07 am
Attempt: 385 / 704 contacts added to report
-------------------------
November 13, 2018, 1:07 am
Attempt: 386 / 704 contacts added to report
-------------------------
November 13, 2018, 1:07 am
Attempt: 387 / 704 contacts added to report
-------------------------
November 13, 2018, 1:07 am
Attempt: 388 / 704 contacts added to report
-------------------------
November 13, 2018, 1:07 am
Attempt: 389 / 704 contacts added to report
-------------------------
November 13, 2018, 1:07 am
Attempt: 390 / 704 contacts added to report
-------------------------
November 13, 2018, 1:07 am
Attempt: 391 / 704 contacts added to report
-------------------------
November 13, 2018, 1:07 am
Attempt: 392 / 704 contacts added to report
-------------------------
November 13, 2018, 1:07 am
Attempt: 393 / 704 contacts added to report
-------------------------
November 13, 2018, 1:07 am
Attempt: 394 / 704 contacts added to report
-------------------------
November 13, 2018, 1:07 am
Attempt: 395 / 704 contacts added to report
-------------------------
November 13, 2018, 1:07 am
Attempt: 396 / 704 contacts added to report
-------------------------
November 13, 2018, 1:07 am
Attempt: 397 / 704 contacts added to report
-------------------------
November 13, 2018, 1:07 am
Attempt: 398 / 704 contacts added to report
-------------------------
November 13, 2018, 1:07 am
Attempt: 399 / 704 contacts added to report
-------------------------
November 13, 2018, 1:07 am
Attempt: 400 / 704 contacts added to report
-------------------------
November 13, 2018, 1:07 am
Attempt: 401 / 704 contacts added to report
-------------------------
November 13, 2018, 1:07 am
Attempt: 402 / 704 contacts added to report
-------------------------
November 13, 2018, 1:07 am
Attempt: 403 / 704 contacts added to report
-------------------------
November 13, 2018, 1:07 am
Attempt: 404 / 704 contacts added to report
-------------------------
November 13, 2018, 1:07 am
Attempt: 405 / 704 contacts added to report
-------------------------
November 13, 2018, 1:07 am
Attempt: 406 / 704 contacts added to report
-------------------------
November 13, 2018, 1:07 am
Attempt: 407 / 704 contacts added to report
-------------------------
November 13, 2018, 1:07 am
Attempt: 408 / 704 contacts added to report
-------------------------
November 13, 2018, 1:07 am
Attempt: 409 / 704 contacts added to report
-------------------------
November 13, 2018, 1:07 am
Attempt: 410 / 704 contacts added to report
-------------------------
November 13, 2018, 1:07 am
Attempt: 411 / 704 contacts added to report
-------------------------
November 13, 2018, 1:07 am
Attempt: 412 / 704 contacts added to report
-------------------------
November 13, 2018, 1:07 am
Attempt: 413 / 704 contacts added to report
-------------------------
November 13, 2018, 1:07 am
Attempt: 414 / 704 contacts added to report
-------------------------
November 13, 2018, 1:07 am
Attempt: 415 / 704 contacts added to report
-------------------------
November 13, 2018, 1:07 am
Attempt: 416 / 704 contacts added to report
-------------------------
November 13, 2018, 1:07 am
Attempt: 417 / 704 contacts added to report
-------------------------
November 13, 2018, 1:07 am
Attempt: 418 / 704 contacts added to report
-------------------------
November 13, 2018, 1:07 am
Attempt: 419 / 704 contacts added to report
-------------------------
November 13, 2018, 1:07 am
Attempt: 420 / 704 contacts added to report
-------------------------
November 13, 2018, 1:07 am
Attempt: 421 / 704 contacts added to report
-------------------------
November 13, 2018, 1:07 am
Attempt: 422 / 704 contacts added to report
-------------------------
November 13, 2018, 1:07 am
Attempt: 423 / 704 contacts added to report
-------------------------
November 13, 2018, 1:07 am
Attempt: 424 / 704 contacts added to report
-------------------------
November 13, 2018, 1:07 am
Attempt: 425 / 704 contacts added to report
-------------------------
November 13, 2018, 1:07 am
Attempt: 426 / 704 contacts added to report
-------------------------
November 13, 2018, 1:07 am
Attempt: 427 / 704 contacts added to report
-------------------------
November 13, 2018, 1:07 am
Attempt: 428 / 704 contacts added to report
-------------------------
November 13, 2018, 1:07 am
Attempt: 429 / 704 contacts added to report
-------------------------
November 13, 2018, 1:07 am
Attempt: 430 / 704 contacts added to report
-------------------------
November 13, 2018, 1:07 am
Attempt: 431 / 704 contacts added to report
-------------------------
November 13, 2018, 1:07 am
Attempt: 432 / 704 contacts added to report
-------------------------
November 13, 2018, 1:07 am
Attempt: 433 / 704 contacts added to report
-------------------------
November 13, 2018, 1:07 am
Attempt: 434 / 704 contacts added to report
-------------------------
November 13, 2018, 1:07 am
Attempt: 435 / 704 contacts added to report
-------------------------
November 13, 2018, 1:07 am
Attempt: 436 / 704 contacts added to report
-------------------------
November 13, 2018, 1:07 am
Attempt: 437 / 704 contacts added to report
-------------------------
November 13, 2018, 1:07 am
Attempt: 438 / 704 contacts added to report
-------------------------
November 13, 2018, 1:07 am
Attempt: 439 / 704 contacts added to report
-------------------------
November 13, 2018, 1:08 am
Attempt: 440 / 704 contacts added to report
-------------------------
November 13, 2018, 1:08 am
Attempt: 441 / 704 contacts added to report
-------------------------
November 13, 2018, 1:08 am
Attempt: 442 / 704 contacts added to report
-------------------------
November 13, 2018, 1:08 am
Attempt: 443 / 704 contacts added to report
-------------------------
November 13, 2018, 1:08 am
Attempt: 444 / 704 contacts added to report
-------------------------
November 13, 2018, 1:08 am
Attempt: 445 / 704 contacts added to report
-------------------------
November 13, 2018, 1:08 am
Attempt: 446 / 704 contacts added to report
-------------------------
November 13, 2018, 1:08 am
Attempt: 447 / 704 contacts added to report
-------------------------
November 13, 2018, 1:08 am
Attempt: 448 / 704 contacts added to report
-------------------------
November 13, 2018, 1:08 am
Attempt: 449 / 704 contacts added to report
-------------------------
November 13, 2018, 1:08 am
Attempt: 450 / 704 contacts added to report
-------------------------
November 13, 2018, 1:08 am
Attempt: 451 / 704 contacts added to report
-------------------------
November 13, 2018, 1:08 am
Attempt: 452 / 704 contacts added to report
-------------------------
November 13, 2018, 1:08 am
Attempt: 453 / 704 contacts added to report
-------------------------
November 13, 2018, 1:08 am
Attempt: 454 / 704 contacts added to report
-------------------------
November 13, 2018, 1:08 am
Attempt: 455 / 704 contacts added to report
-------------------------
November 13, 2018, 1:08 am
Attempt: 456 / 704 contacts added to report
-------------------------
November 13, 2018, 1:08 am
Attempt: 457 / 704 contacts added to report
-------------------------
November 13, 2018, 1:08 am
Attempt: 458 / 704 contacts added to report
-------------------------
November 13, 2018, 1:08 am
Attempt: 459 / 704 contacts added to report
-------------------------
November 13, 2018, 1:08 am
Attempt: 460 / 704 contacts added to report
-------------------------
November 13, 2018, 1:08 am
Attempt: 461 / 704 contacts added to report
-------------------------
November 13, 2018, 1:08 am
Attempt: 462 / 704 contacts added to report
-------------------------
November 13, 2018, 1:08 am
Attempt: 463 / 704 contacts added to report
-------------------------
November 13, 2018, 1:08 am
Attempt: 464 / 704 contacts added to report
-------------------------
November 13, 2018, 1:08 am
Attempt: 465 / 704 contacts added to report
-------------------------
November 13, 2018, 1:08 am
Attempt: 466 / 704 contacts added to report
-------------------------
November 13, 2018, 1:08 am
Attempt: 467 / 704 contacts added to report
-------------------------
November 13, 2018, 1:08 am
Attempt: 468 / 704 contacts added to report
-------------------------
November 13, 2018, 1:08 am
Attempt: 469 / 704 contacts added to report
-------------------------
November 13, 2018, 1:08 am
Attempt: 470 / 704 contacts added to report
-------------------------
November 13, 2018, 1:08 am
Attempt: 471 / 704 contacts added to report
-------------------------
November 13, 2018, 1:08 am
Attempt: 472 / 704 contacts added to report
-------------------------
November 13, 2018, 1:08 am
Attempt: 473 / 704 contacts added to report
-------------------------
November 13, 2018, 1:08 am
Attempt: 474 / 704 contacts added to report
-------------------------
November 13, 2018, 1:08 am
Attempt: 475 / 704 contacts added to report
-------------------------
November 13, 2018, 1:08 am
Attempt: 476 / 704 contacts added to report
-------------------------
November 13, 2018, 1:08 am
Attempt: 477 / 704 contacts added to report
-------------------------
November 13, 2018, 1:08 am
Attempt: 478 / 704 contacts added to report
-------------------------
November 13, 2018, 1:08 am
Attempt: 479 / 704 contacts added to report
-------------------------
November 13, 2018, 1:08 am
Attempt: 480 / 704 contacts added to report
-------------------------
November 13, 2018, 1:08 am
Attempt: 481 / 704 contacts added to report
-------------------------
November 13, 2018, 1:08 am
Attempt: 482 / 704 contacts added to report
-------------------------
November 13, 2018, 1:08 am
Attempt: 483 / 704 contacts added to report
-------------------------
November 13, 2018, 1:08 am
Attempt: 484 / 704 contacts added to report
-------------------------
November 13, 2018, 1:08 am
Attempt: 485 / 704 contacts added to report
-------------------------
November 13, 2018, 1:08 am
Attempt: 486 / 704 contacts added to report
-------------------------
November 13, 2018, 1:08 am
Attempt: 487 / 704 contacts added to report
-------------------------
November 13, 2018, 1:08 am
Attempt: 488 / 704 contacts added to report
-------------------------
November 13, 2018, 1:08 am
Attempt: 489 / 704 contacts added to report
-------------------------
November 13, 2018, 1:08 am
Attempt: 490 / 704 contacts added to report
-------------------------
November 13, 2018, 1:08 am
Attempt: 491 / 704 contacts added to report
-------------------------
November 13, 2018, 1:08 am
Attempt: 492 / 704 contacts added to report
-------------------------
November 13, 2018, 1:08 am
Attempt: 493 / 704 contacts added to report
-------------------------
November 13, 2018, 1:08 am
Attempt: 494 / 704 contacts added to report
-------------------------
November 13, 2018, 1:08 am
Attempt: 495 / 704 contacts added to report
-------------------------
November 13, 2018, 1:08 am
Attempt: 496 / 704 contacts added to report
-------------------------
November 13, 2018, 1:08 am
Attempt: 497 / 704 contacts added to report
-------------------------
November 13, 2018, 1:08 am
Attempt: 498 / 704 contacts added to report
-------------------------
November 13, 2018, 1:08 am
Attempt: 499 / 704 contacts added to report
-------------------------
November 13, 2018, 1:08 am
Attempt: 500 / 704 contacts added to report
-------------------------
November 13, 2018, 1:08 am
Attempt: 501 / 704 contacts added to report
-------------------------
November 13, 2018, 1:08 am
Attempt: 502 / 704 contacts added to report
-------------------------
November 13, 2018, 1:08 am
Attempt: 503 / 704 contacts added to report
-------------------------
November 13, 2018, 1:08 am
Attempt: 504 / 704 contacts added to report
-------------------------
November 13, 2018, 1:08 am
Attempt: 505 / 704 contacts added to report
-------------------------
November 13, 2018, 1:08 am
Attempt: 506 / 704 contacts added to report
-------------------------
November 13, 2018, 1:08 am
Attempt: 507 / 704 contacts added to report
-------------------------
November 13, 2018, 1:08 am
Attempt: 508 / 704 contacts added to report
-------------------------
November 13, 2018, 1:08 am
Attempt: 509 / 704 contacts added to report
-------------------------
November 13, 2018, 1:08 am
Attempt: 510 / 704 contacts added to report
-------------------------
November 13, 2018, 1:08 am
Attempt: 511 / 704 contacts added to report
-------------------------
November 13, 2018, 1:08 am
Attempt: 512 / 704 contacts added to report
-------------------------
November 13, 2018, 1:08 am
Attempt: 513 / 704 contacts added to report
-------------------------
November 13, 2018, 1:08 am
Attempt: 514 / 704 contacts added to report
-------------------------
November 13, 2018, 1:08 am
Attempt: 515 / 704 contacts added to report
-------------------------
November 13, 2018, 1:08 am
Attempt: 516 / 704 contacts added to report
-------------------------
November 13, 2018, 1:08 am
Attempt: 517 / 704 contacts added to report
-------------------------
November 13, 2018, 1:08 am
Attempt: 518 / 704 contacts added to report
-------------------------
November 13, 2018, 1:08 am
Attempt: 519 / 704 contacts added to report
-------------------------
November 13, 2018, 1:08 am
Attempt: 520 / 704 contacts added to report
-------------------------
November 13, 2018, 1:08 am
Attempt: 521 / 704 contacts added to report
-------------------------
November 13, 2018, 1:08 am
Attempt: 522 / 704 contacts added to report
-------------------------
November 13, 2018, 1:08 am
Attempt: 523 / 704 contacts added to report
-------------------------
November 13, 2018, 1:08 am
Attempt: 524 / 704 contacts added to report
-------------------------
November 13, 2018, 1:08 am
Attempt: 525 / 704 contacts added to report
-------------------------
November 13, 2018, 1:08 am
Attempt: 526 / 704 contacts added to report
-------------------------
November 13, 2018, 1:08 am
Attempt: 527 / 704 contacts added to report
-------------------------
November 13, 2018, 1:08 am
Attempt: 528 / 704 contacts added to report
-------------------------
November 13, 2018, 1:08 am
Attempt: 529 / 704 contacts added to report
-------------------------
November 13, 2018, 1:08 am
Attempt: 530 / 704 contacts added to report
-------------------------
November 13, 2018, 1:08 am
Attempt: 531 / 704 contacts added to report
-------------------------
November 13, 2018, 1:08 am
Attempt: 532 / 704 contacts added to report
-------------------------
November 13, 2018, 1:08 am
Attempt: 533 / 704 contacts added to report
-------------------------
November 13, 2018, 1:08 am
Attempt: 534 / 704 contacts added to report
-------------------------
November 13, 2018, 1:08 am
Attempt: 535 / 704 contacts added to report
-------------------------
November 13, 2018, 1:08 am
Attempt: 536 / 704 contacts added to report
-------------------------
November 13, 2018, 1:08 am
Attempt: 537 / 704 contacts added to report
-------------------------
November 13, 2018, 1:08 am
Attempt: 538 / 704 contacts added to report
-------------------------
November 13, 2018, 1:08 am
Attempt: 539 / 704 contacts added to report
-------------------------
November 13, 2018, 1:08 am
Attempt: 540 / 704 contacts added to report
-------------------------
November 13, 2018, 1:08 am
Attempt: 541 / 704 contacts added to report
-------------------------
November 13, 2018, 1:08 am
Attempt: 542 / 704 contacts added to report
-------------------------
November 13, 2018, 1:08 am
Attempt: 543 / 704 contacts added to report
-------------------------
November 13, 2018, 1:08 am
Attempt: 544 / 704 contacts added to report
-------------------------
November 13, 2018, 1:08 am
Attempt: 545 / 704 contacts added to report
-------------------------
November 13, 2018, 1:08 am
Attempt: 546 / 704 contacts added to report
-------------------------
November 13, 2018, 1:08 am
Attempt: 547 / 704 contacts added to report
-------------------------
November 13, 2018, 1:08 am
Attempt: 548 / 704 contacts added to report
-------------------------
November 13, 2018, 1:08 am
Attempt: 549 / 704 contacts added to report
-------------------------
November 13, 2018, 1:08 am
Attempt: 550 / 704 contacts added to report
-------------------------
November 13, 2018, 1:08 am
Attempt: 551 / 704 contacts added to report
-------------------------
November 13, 2018, 1:08 am
Attempt: 552 / 704 contacts added to report
-------------------------
November 13, 2018, 1:08 am
Attempt: 553 / 704 contacts added to report
-------------------------
November 13, 2018, 1:08 am
Attempt: 554 / 704 contacts added to report
-------------------------
November 13, 2018, 1:08 am
Attempt: 555 / 704 contacts added to report
-------------------------
November 13, 2018, 1:08 am
Attempt: 556 / 704 contacts added to report
-------------------------
November 13, 2018, 1:08 am
Attempt: 557 / 704 contacts added to report
-------------------------
November 13, 2018, 1:08 am
Attempt: 558 / 704 contacts added to report
-------------------------
November 13, 2018, 1:08 am
Attempt: 559 / 704 contacts added to report
-------------------------
November 13, 2018, 1:08 am
Attempt: 560 / 704 contacts added to report
-------------------------
November 13, 2018, 1:08 am
Attempt: 561 / 704 contacts added to report
-------------------------
November 13, 2018, 1:08 am
Attempt: 562 / 704 contacts added to report
-------------------------
November 13, 2018, 1:08 am
Attempt: 563 / 704 contacts added to report
-------------------------
November 13, 2018, 1:08 am
Attempt: 564 / 704 contacts added to report
-------------------------
November 13, 2018, 1:08 am
Attempt: 565 / 704 contacts added to report
-------------------------
November 13, 2018, 1:08 am
Attempt: 566 / 704 contacts added to report
-------------------------
November 13, 2018, 1:08 am
Attempt: 567 / 704 contacts added to report
-------------------------
November 13, 2018, 1:08 am
Attempt: 568 / 704 contacts added to report
-------------------------
November 13, 2018, 1:08 am
Attempt: 569 / 704 contacts added to report
-------------------------
November 13, 2018, 1:08 am
Attempt: 570 / 704 contacts added to report
-------------------------
November 13, 2018, 1:08 am
Attempt: 571 / 704 contacts added to report
-------------------------
November 13, 2018, 1:08 am
Attempt: 572 / 704 contacts added to report
-------------------------
November 13, 2018, 1:08 am
Attempt: 573 / 704 contacts added to report
-------------------------
November 13, 2018, 1:08 am
Attempt: 574 / 704 contacts added to report
-------------------------
November 13, 2018, 1:08 am
Attempt: 575 / 704 contacts added to report
-------------------------
November 13, 2018, 1:08 am
Attempt: 576 / 704 contacts added to report
-------------------------
November 13, 2018, 1:08 am
Attempt: 577 / 704 contacts added to report
-------------------------
November 13, 2018, 1:08 am
Attempt: 578 / 704 contacts added to report
-------------------------
November 13, 2018, 1:08 am
Attempt: 579 / 704 contacts added to report
-------------------------
November 13, 2018, 1:08 am
Attempt: 580 / 704 contacts added to report
-------------------------
November 13, 2018, 1:08 am
Attempt: 581 / 704 contacts added to report
-------------------------
November 13, 2018, 1:08 am
Attempt: 582 / 704 contacts added to report
-------------------------
November 13, 2018, 1:08 am
Attempt: 583 / 704 contacts added to report
-------------------------
November 13, 2018, 1:08 am
Attempt: 584 / 704 contacts added to report
-------------------------
November 13, 2018, 1:08 am
Attempt: 585 / 704 contacts added to report
-------------------------
November 13, 2018, 1:08 am
Attempt: 586 / 704 contacts added to report
-------------------------
November 13, 2018, 1:08 am
Attempt: 587 / 704 contacts added to report
-------------------------
November 13, 2018, 1:08 am
Attempt: 588 / 704 contacts added to report
-------------------------
November 13, 2018, 1:08 am
Attempt: 589 / 704 contacts added to report
-------------------------
November 13, 2018, 1:08 am
Attempt: 590 / 704 contacts added to report
-------------------------
November 13, 2018, 1:08 am
Attempt: 591 / 704 contacts added to report
-------------------------
November 13, 2018, 1:08 am
Attempt: 592 / 704 contacts added to report
-------------------------
November 13, 2018, 1:08 am
Attempt: 593 / 704 contacts added to report
-------------------------
November 13, 2018, 1:08 am
Attempt: 594 / 704 contacts added to report
-------------------------
November 13, 2018, 1:08 am
Attempt: 595 / 704 contacts added to report
-------------------------
November 13, 2018, 1:08 am
Attempt: 596 / 704 contacts added to report
-------------------------
November 13, 2018, 1:08 am
Attempt: 597 / 704 contacts added to report
-------------------------
November 13, 2018, 1:08 am
Attempt: 598 / 704 contacts added to report
-------------------------
November 13, 2018, 1:08 am
Attempt: 599 / 704 contacts added to report
-------------------------
November 13, 2018, 1:08 am
Attempt: 600 / 704 contacts added to report
-------------------------
November 13, 2018, 1:08 am
Attempt: 601 / 704 contacts added to report
-------------------------
November 13, 2018, 1:08 am
Attempt: 602 / 704 contacts added to report
-------------------------
November 13, 2018, 1:08 am
Attempt: 603 / 704 contacts added to report
-------------------------
November 13, 2018, 1:08 am
Attempt: 604 / 704 contacts added to report
-------------------------
November 13, 2018, 1:08 am
Attempt: 605 / 704 contacts added to report
-------------------------
November 13, 2018, 1:08 am
Attempt: 606 / 704 contacts added to report
-------------------------
November 13, 2018, 1:08 am
Attempt: 607 / 704 contacts added to report
-------------------------
November 13, 2018, 1:08 am
Attempt: 608 / 704 contacts added to report
-------------------------
November 13, 2018, 1:08 am
Attempt: 609 / 704 contacts added to report
-------------------------
November 13, 2018, 1:08 am
Attempt: 610 / 704 contacts added to report
-------------------------
November 13, 2018, 1:08 am
Attempt: 611 / 704 contacts added to report
-------------------------
November 13, 2018, 1:08 am
Attempt: 612 / 704 contacts added to report
-------------------------
November 13, 2018, 1:08 am
Attempt: 613 / 704 contacts added to report
-------------------------
November 13, 2018, 1:08 am
Attempt: 614 / 704 contacts added to report
-------------------------
November 13, 2018, 1:08 am
Attempt: 615 / 704 contacts added to report
-------------------------
November 13, 2018, 1:08 am
Attempt: 616 / 704 contacts added to report
-------------------------
November 13, 2018, 1:08 am
Attempt: 617 / 704 contacts added to report
-------------------------
November 13, 2018, 1:08 am
Attempt: 618 / 704 contacts added to report
-------------------------
November 13, 2018, 1:08 am
Attempt: 619 / 704 contacts added to report
-------------------------
November 13, 2018, 1:08 am
Attempt: 620 / 704 contacts added to report
-------------------------
November 13, 2018, 1:08 am
Attempt: 621 / 704 contacts added to report
-------------------------
November 13, 2018, 1:08 am
Attempt: 622 / 704 contacts added to report
-------------------------
November 13, 2018, 1:08 am
Attempt: 623 / 704 contacts added to report
-------------------------
November 13, 2018, 1:08 am
Attempt: 624 / 704 contacts added to report
-------------------------
November 13, 2018, 1:08 am
Attempt: 625 / 704 contacts added to report
-------------------------
November 13, 2018, 1:08 am
Attempt: 626 / 704 contacts added to report
-------------------------
November 13, 2018, 1:08 am
Attempt: 627 / 704 contacts added to report
-------------------------
November 13, 2018, 1:08 am
Attempt: 628 / 704 contacts added to report
-------------------------
November 13, 2018, 1:08 am
Attempt: 629 / 704 contacts added to report
-------------------------
November 13, 2018, 1:08 am
Attempt: 630 / 704 contacts added to report
-------------------------
November 13, 2018, 1:08 am
Attempt: 631 / 704 contacts added to report
-------------------------
November 13, 2018, 1:08 am
Attempt: 632 / 704 contacts added to report
-------------------------
November 13, 2018, 1:08 am
Attempt: 633 / 704 contacts added to report
-------------------------
November 13, 2018, 1:08 am
Attempt: 634 / 704 contacts added to report
-------------------------
November 13, 2018, 1:08 am
Attempt: 635 / 704 contacts added to report
-------------------------
November 13, 2018, 1:08 am
Attempt: 636 / 704 contacts added to report
-------------------------
November 13, 2018, 1:08 am
Attempt: 637 / 704 contacts added to report
-------------------------
November 13, 2018, 1:08 am
Attempt: 638 / 704 contacts added to report
-------------------------
November 13, 2018, 1:08 am
Attempt: 639 / 704 contacts added to report
-------------------------
November 13, 2018, 1:08 am
Attempt: 640 / 704 contacts added to report
-------------------------
November 13, 2018, 1:08 am
Attempt: 641 / 704 contacts added to report
-------------------------
November 13, 2018, 1:08 am
Attempt: 642 / 704 contacts added to report
-------------------------
November 13, 2018, 1:08 am
Attempt: 643 / 704 contacts added to report
-------------------------
November 13, 2018, 1:08 am
Attempt: 644 / 704 contacts added to report
-------------------------
November 13, 2018, 1:08 am
Attempt: 645 / 704 contacts added to report
-------------------------
November 13, 2018, 1:08 am
Attempt: 646 / 704 contacts added to report
-------------------------
November 13, 2018, 1:08 am
Attempt: 647 / 704 contacts added to report
-------------------------
November 13, 2018, 1:08 am
Attempt: 648 / 704 contacts added to report
-------------------------
November 13, 2018, 1:08 am
Attempt: 649 / 704 contacts added to report
-------------------------
November 13, 2018, 1:08 am
Attempt: 650 / 704 contacts added to report
-------------------------
November 13, 2018, 1:08 am
Attempt: 651 / 704 contacts added to report
-------------------------
November 13, 2018, 1:08 am
Attempt: 652 / 704 contacts added to report
-------------------------
November 13, 2018, 1:08 am
Attempt: 653 / 704 contacts added to report
-------------------------
November 13, 2018, 1:08 am
Attempt: 654 / 704 contacts added to report
-------------------------
November 13, 2018, 1:08 am
Attempt: 655 / 704 contacts added to report
-------------------------
November 13, 2018, 1:08 am
Attempt: 656 / 704 contacts added to report
-------------------------
November 13, 2018, 1:08 am
Attempt: 657 / 704 contacts added to report
-------------------------
November 13, 2018, 1:08 am
Attempt: 658 / 704 contacts added to report
-------------------------
November 13, 2018, 1:08 am
Attempt: 659 / 704 contacts added to report
-------------------------
November 13, 2018, 1:08 am
Attempt: 660 / 704 contacts added to report
-------------------------
November 13, 2018, 1:08 am
Attempt: 661 / 704 contacts added to report
-------------------------
November 13, 2018, 1:08 am
Attempt: 662 / 704 contacts added to report
-------------------------
November 13, 2018, 1:08 am
Attempt: 663 / 704 contacts added to report
-------------------------
November 13, 2018, 1:08 am
Attempt: 664 / 704 contacts added to report
-------------------------
November 13, 2018, 1:08 am
Attempt: 665 / 704 contacts added to report
-------------------------
November 13, 2018, 1:08 am
Attempt: 666 / 704 contacts added to report
-------------------------
November 13, 2018, 1:08 am
Attempt: 667 / 704 contacts added to report
-------------------------
November 13, 2018, 1:08 am
Attempt: 668 / 704 contacts added to report
-------------------------
November 13, 2018, 1:08 am
Attempt: 669 / 704 contacts added to report
-------------------------
November 13, 2018, 1:08 am
Attempt: 670 / 704 contacts added to report
-------------------------
November 13, 2018, 1:08 am
Attempt: 671 / 704 contacts added to report
-------------------------
November 13, 2018, 1:08 am
Attempt: 672 / 704 contacts added to report
-------------------------
November 13, 2018, 1:08 am
Attempt: 673 / 704 contacts added to report
-------------------------
November 13, 2018, 1:08 am
Attempt: 674 / 704 contacts added to report
-------------------------
November 13, 2018, 1:08 am
Attempt: 675 / 704 contacts added to report
-------------------------
November 13, 2018, 1:08 am
Attempt: 676 / 704 contacts added to report
-------------------------
November 13, 2018, 1:08 am
Attempt: 677 / 704 contacts added to report
-------------------------
November 13, 2018, 1:08 am
Attempt: 678 / 704 contacts added to report
-------------------------
November 13, 2018, 1:08 am
Attempt: 679 / 704 contacts added to report
-------------------------
November 13, 2018, 1:08 am
Attempt: 680 / 704 contacts added to report
-------------------------
November 13, 2018, 1:08 am
Attempt: 681 / 704 contacts added to report
-------------------------
November 13, 2018, 1:08 am
Attempt: 682 / 704 contacts added to report
-------------------------
November 13, 2018, 1:08 am
Attempt: 683 / 704 contacts added to report
-------------------------
November 13, 2018, 1:09 am
Attempt: 684 / 704 contacts added to report
-------------------------
November 13, 2018, 1:09 am
Attempt: 685 / 704 contacts added to report
-------------------------
November 13, 2018, 1:09 am
Attempt: 686 / 704 contacts added to report
-------------------------
November 13, 2018, 1:09 am
Attempt: 687 / 704 contacts added to report
-------------------------
November 13, 2018, 1:09 am
Attempt: 688 / 704 contacts added to report
-------------------------
November 13, 2018, 1:09 am
Attempt: 689 / 704 contacts added to report
-------------------------
November 13, 2018, 1:09 am
Attempt: 690 / 704 contacts added to report
-------------------------
November 13, 2018, 1:09 am
Attempt: 691 / 704 contacts added to report
-------------------------
November 13, 2018, 1:09 am
Attempt: 692 / 704 contacts added to report
-------------------------
November 13, 2018, 1:09 am
Attempt: 693 / 704 contacts added to report
-------------------------
November 13, 2018, 1:09 am
Attempt: 694 / 704 contacts added to report
-------------------------
November 13, 2018, 1:09 am
Attempt: 695 / 704 contacts added to report
-------------------------
November 13, 2018, 1:09 am
Attempt: 696 / 704 contacts added to report
-------------------------
November 13, 2018, 1:09 am
Attempt: 697 / 704 contacts added to report
-------------------------
November 13, 2018, 1:09 am
Attempt: 698 / 704 contacts added to report
-------------------------
November 13, 2018, 1:09 am
Attempt: 699 / 704 contacts added to report
-------------------------
November 13, 2018, 1:09 am
Attempt: 700 / 704 contacts added to report
-------------------------
November 13, 2018, 1:09 am
Attempt: 701 / 704 contacts added to report
-------------------------
November 13, 2018, 1:09 am
Attempt: 702 / 704 contacts added to report
-------------------------
November 13, 2018, 1:09 am
Attempt: 703 / 704 contacts added to report
-------------------------
November 13, 2018, 1:09 am
Attempt: 704 / 704 contacts added to report
-------------------------
November 13, 2018, 1:09 am
Attempt: 705 / 704 contacts added to report
-------------------------
November 13, 2018, 1:09 am
Attempt: Converting Report to file for later download
-------------------------
November 13, 2018, 1:09 am
Attempt: Conversion complete.
-------------------------
November 13, 2018, 1:09 am
Attempt: Finished Cron 4.
-------------------------
