November 21, 2018, 7:37 pm
Attempt: Found 2 Contacts for Chapter Invitation Test Title...
-------------------------
November 21, 2018, 7:37 pm
Attempt: 1 / 2 contacts added to report
-------------------------
November 21, 2018, 7:37 pm
Attempt: 2 / 2 contacts added to report
-------------------------
November 21, 2018, 7:37 pm
Attempt: Found 2 Contacts for Chapter Invitation fdsfds...
-------------------------
November 21, 2018, 7:37 pm
Attempt: 1 / 2 contacts added to report
-------------------------
November 21, 2018, 7:37 pm
Attempt: 2 / 2 contacts added to report
-------------------------
November 21, 2018, 7:37 pm
Attempt: Converting Report to file for later download
-------------------------
November 21, 2018, 7:37 pm
Attempt: Conversion complete.
-------------------------
November 21, 2018, 7:37 pm
Attempt: Finished Cron 4.
-------------------------
