November 25, 2018, 4:59 pm
Attempt: Initializing Cron with id 21...
-------------------------
November 25, 2018, 4:59 pm
Attempt: Loading Spreadsheet...
-------------------------
November 25, 2018, 4:59 pm
Attempt: Converting Spreadsheet Into an Array...
-------------------------
November 25, 2018, 4:59 pm
Attempt: Reducing Array of Data into 11 Columns...
-------------------------
November 25, 2018, 4:59 pm
Attempt: Potential Duplicate. Email Already Exists In System ao2836@email.vccs.edu.
-------------------------
November 25, 2018, 4:59 pm
Attempt: Potential Duplicate. Email Already Exists In System af292@email.vccs.edu.
-------------------------
November 25, 2018, 4:59 pm
Attempt: Potential Duplicate. Email Already Exists In System aa22743@email.vccs.edu.
-------------------------
November 25, 2018, 4:59 pm
Attempt: Potential Duplicate. Email Already Exists In System at24081@email.vccs.edu.
-------------------------
November 25, 2018, 4:59 pm
Attempt: Potential Duplicate. Email Already Exists In System .
-------------------------
November 25, 2018, 4:59 pm
Attempt: Creating Contact an27139@email.vccs.edu.
-------------------------
November 25, 2018, 4:59 pm
Attempt: Creating Contact ae28125@email.vccs.edu.
-------------------------
November 25, 2018, 4:59 pm
Attempt: Creating Contact aa22622@email.vccs.edu.
-------------------------
November 25, 2018, 4:59 pm
Attempt: Creating Contact ao2157@email.vccs.edu.
-------------------------
November 25, 2018, 4:59 pm
Attempt: Creating Contact ac2958@email.vccs.edu.
-------------------------
November 25, 2018, 4:59 pm
Attempt: Creating Contact aw22580@email.vccs.edu.
-------------------------
November 25, 2018, 4:59 pm
Attempt: Creating Contact aa2535@email.vccs.edu.
-------------------------
November 25, 2018, 4:59 pm
Attempt: Creating Contact at27476@email.vccs.edu.
-------------------------
November 25, 2018, 4:59 pm
Attempt: Creating Contact as28456@email.vccs.edu.
-------------------------
November 25, 2018, 4:59 pm
Attempt: Creating Contact aa27523@email.vccs.edu.
-------------------------
November 25, 2018, 4:59 pm
Attempt: Creating Contact aa216693@email.vccs.edu.
-------------------------
November 25, 2018, 4:59 pm
Attempt: Creating Contact am27489@email.vccs.edu.
-------------------------
November 25, 2018, 4:59 pm
Attempt: Creating Contact ar28056@email.vccs.edu.
-------------------------
November 25, 2018, 4:59 pm
Attempt: Creating Contact ar2075@email.vccs.edu.
-------------------------
November 25, 2018, 4:59 pm
Attempt: Creating Contact ad26717@email.vccs.edu.
-------------------------
November 25, 2018, 4:59 pm
Attempt: Creating Contact aj2120@email.vccs.edu.
-------------------------
November 25, 2018, 4:59 pm
Attempt: Creating Contact ae2051@email.vccs.edu.
-------------------------
November 25, 2018, 4:59 pm
Attempt: Creating Contact ap20703@email.vccs.edu.
-------------------------
November 25, 2018, 4:59 pm
Attempt: Creating Contact aa23801@email.vccs.edu.
-------------------------
November 25, 2018, 4:59 pm
Attempt: Creating Contact ak23173@email.vccs.edu.
-------------------------
November 25, 2018, 4:59 pm
Attempt: Creating Contact ah23601@email.vccs.edu.
-------------------------
November 25, 2018, 4:59 pm
Attempt: Creating Contact aa20996@email.vccs.edu.
-------------------------
November 25, 2018, 4:59 pm
Attempt: Creating Contact ab29460@email.vccs.edu.
-------------------------
November 25, 2018, 4:59 pm
Attempt: Creating Contact as27140@email.vccs.edu.
-------------------------
November 25, 2018, 4:59 pm
Attempt: Creating Contact ah22201@email.vccs.edu.
-------------------------
November 25, 2018, 4:59 pm
Attempt: Creating Contact as288910@email.vccs.edu.
-------------------------
November 25, 2018, 4:59 pm
Attempt: Creating Contact ab28106@email.vccs.edu.
-------------------------
November 25, 2018, 4:59 pm
Attempt: Creating Contact am2757@email.vccs.edu.
-------------------------
November 25, 2018, 4:59 pm
Attempt: Creating Contact as291802@email.vccs.edu.
-------------------------
November 25, 2018, 4:59 pm
Attempt: Creating Contact aa29551@email.vccs.edu.
-------------------------
November 25, 2018, 4:59 pm
Attempt: Creating Contact an2276@email.vccs.edu.
-------------------------
November 25, 2018, 4:59 pm
Attempt: Creating Contact ap20263@email.vccs.edu.
-------------------------
November 25, 2018, 4:59 pm
Attempt: Creating Contact aa23308@email.vccs.edu.
-------------------------
November 25, 2018, 4:59 pm
Attempt: Creating Contact ay2244@email.vccs.edu.
-------------------------
November 25, 2018, 4:59 pm
Attempt: Creating Contact asperty5001@email.vccs.edu.
-------------------------
November 25, 2018, 4:59 pm
Attempt: Creating Contact ak26353@email.vccs.edu.
-------------------------
November 25, 2018, 4:59 pm
Attempt: Creating Contact al299098@email.vccs.edu.
-------------------------
November 25, 2018, 4:59 pm
Attempt: Creating Contact af28566@email.vccs.edu.
-------------------------
November 25, 2018, 4:59 pm
Attempt: Creating Contact am23569@email.vccs.edu.
-------------------------
November 25, 2018, 4:59 pm
Attempt: Creating Contact ag26817@email.vccs.edu.
-------------------------
November 25, 2018, 4:59 pm
Attempt: Creating Contact as25447@email.vccs.edu.
-------------------------
November 25, 2018, 4:59 pm
Attempt: Creating Contact ag21819@email.vccs.edu.
-------------------------
November 25, 2018, 4:59 pm
Attempt: Creating Contact apandey6001@email.vccs.edu.
-------------------------
November 25, 2018, 4:59 pm
Attempt: Creating Contact ap25445@email.vccs.edu.
-------------------------
November 25, 2018, 4:59 pm
Attempt: Creating Contact as21312@email.vccs.edu.
-------------------------
November 25, 2018, 4:59 pm
Attempt: Creating Contact aat2187@email.vccs.edu.
-------------------------
November 25, 2018, 4:59 pm
Attempt: Creating Contact ah23196@email.vccs.edu.
-------------------------
November 25, 2018, 4:59 pm
Attempt: Creating Contact ag21285@email.vccs.edu.
-------------------------
November 25, 2018, 4:59 pm
Attempt: Creating Contact am25635@email.vccs.edu.
-------------------------
November 25, 2018, 4:59 pm
Attempt: Creating Contact aa29501@email.vccs.edu.
-------------------------
November 25, 2018, 4:59 pm
Attempt: Creating Contact bm22842@email.vccs.edu.
-------------------------
November 25, 2018, 4:59 pm
Attempt: Creating Contact bw23480@email.vccs.edu.
-------------------------
November 25, 2018, 4:59 pm
Attempt: Creating Contact bn22297@email.vccs.edu.
-------------------------
November 25, 2018, 4:59 pm
Attempt: Creating Contact bd28913@email.vccs.edu.
-------------------------
November 25, 2018, 4:59 pm
Attempt: Creating Contact ba23462@email.vccs.edu.
-------------------------
November 25, 2018, 4:59 pm
Attempt: Creating Contact bc24975@email.vccs.edu.
-------------------------
November 25, 2018, 4:59 pm
Attempt: Creating Contact bg20149@email.vccs.edu.
-------------------------
November 25, 2018, 4:59 pm
Attempt: Creating Contact bg22060@email.vccs.edu.
-------------------------
November 25, 2018, 4:59 pm
Attempt: Creating Contact bm27345@email.vccs.edu.
-------------------------
November 25, 2018, 4:59 pm
Attempt: Creating Contact bp2928@email.vccs.edu.
-------------------------
November 25, 2018, 4:59 pm
Attempt: Creating Contact ba2305@email.vccs.edu.
-------------------------
November 25, 2018, 4:59 pm
Attempt: Creating Contact bp2978@email.vccs.edu.
-------------------------
November 25, 2018, 4:59 pm
Attempt: Creating Contact bk2565@email.vccs.edu.
-------------------------
November 25, 2018, 4:59 pm
Attempt: Creating Contact bm24917@email.vccs.edu.
-------------------------
November 25, 2018, 4:59 pm
Attempt: Creating Contact bp2843@email.vccs.edu.
-------------------------
November 25, 2018, 4:59 pm
Attempt: Creating Contact bm2491@email.vccs.edu.
-------------------------
November 25, 2018, 4:59 pm
Attempt: Creating Contact cg27430@email.vccs.edu.
-------------------------
November 25, 2018, 4:59 pm
Attempt: Creating Contact cb23866@email.vccs.edu.
-------------------------
November 25, 2018, 4:59 pm
Attempt: Creating Contact cb213021@email.vccs.edu.
-------------------------
November 25, 2018, 4:59 pm
Attempt: Creating Contact cm24594@email.vccs.edu.
-------------------------
November 25, 2018, 4:59 pm
Attempt: Creating Contact ch239995@email.vccs.edu.
-------------------------
November 25, 2018, 4:59 pm
Attempt: Creating Contact com247@email.vccs.edu.
-------------------------
November 25, 2018, 4:59 pm
Attempt: Creating Contact cr21821@email.vccs.edu.
-------------------------
November 25, 2018, 4:59 pm
Attempt: Creating Contact cn2307@email.vccs.edu.
-------------------------
November 25, 2018, 4:59 pm
Attempt: Creating Contact cs21841@email.vccs.edu.
-------------------------
November 25, 2018, 4:59 pm
Attempt: Creating Contact ce22829@email.vccs.edu.
-------------------------
November 25, 2018, 4:59 pm
Attempt: Creating Contact cc27257@email.vccs.edu.
-------------------------
November 25, 2018, 4:59 pm
Attempt: Creating Contact cc2239@email.vccs.edu.
-------------------------
November 25, 2018, 4:59 pm
Attempt: Creating Contact cr29991@email.vccs.edu.
-------------------------
November 25, 2018, 4:59 pm
Attempt: Creating Contact dp2443@email.vccs.edu.
-------------------------
November 25, 2018, 4:59 pm
Attempt: Creating Contact dm29027@email.vccs.edu.
-------------------------
November 25, 2018, 4:59 pm
Attempt: Creating Contact dm27118@email.vccs.edu.
-------------------------
November 25, 2018, 4:59 pm
Attempt: Creating Contact dk24152@email.vccs.edu.
-------------------------
November 25, 2018, 4:59 pm
Attempt: Creating Contact dk24173@email.vccs.edu.
-------------------------
November 25, 2018, 4:59 pm
Attempt: Creating Contact dmoore8138@email.vccs.edu.
-------------------------
November 25, 2018, 4:59 pm
Attempt: Creating Contact dl2104@email.vccs.edu.
-------------------------
November 25, 2018, 4:59 pm
Attempt: Creating Contact da23099@email.vccs.edu.
-------------------------
November 25, 2018, 4:59 pm
Attempt: Creating Contact ds24385@email.vccs.edu.
-------------------------
November 25, 2018, 4:59 pm
Attempt: Creating Contact dy2278@email.vccs.edu.
-------------------------
November 25, 2018, 4:59 pm
Attempt: Creating Contact dj24724@email.vccs.edu.
-------------------------
November 25, 2018, 4:59 pm
Attempt: Creating Contact ds26945@email.vccs.edu.
-------------------------
November 25, 2018, 4:59 pm
Attempt: Creating Contact da2057@email.vccs.edu.
-------------------------
November 25, 2018, 4:59 pm
Attempt: Creating Contact de2596@email.vccs.edu.
-------------------------
November 25, 2018, 4:59 pm
Attempt: Creating Contact do2975@email.vccs.edu.
-------------------------
November 25, 2018, 4:59 pm
Attempt: Creating Contact eo2207@email.vccs.edu.
-------------------------
November 25, 2018, 4:59 pm
Attempt: Creating Contact eq206@email.vccs.edu.
-------------------------
November 25, 2018, 4:59 pm
Attempt: Creating Contact ek25379@email.vccs.edu.
-------------------------
November 25, 2018, 4:59 pm
Attempt: Creating Contact ez2294@email.vccs.edu.
-------------------------
November 25, 2018, 4:59 pm
Attempt: Creating Contact ec227847@email.vccs.edu.
-------------------------
November 25, 2018, 4:59 pm
Attempt: Creating Contact es2408@email.vccs.edu.
-------------------------
November 25, 2018, 4:59 pm
Attempt: Creating Contact eh2426@email.vccs.edu.
-------------------------
November 25, 2018, 4:59 pm
Attempt: Creating Contact ea22505@email.vccs.edu.
-------------------------
November 25, 2018, 4:59 pm
Attempt: Creating Contact es27962@email.vccs.edu.
-------------------------
November 25, 2018, 4:59 pm
Attempt: Creating Contact eh27600@email.vccs.edu.
-------------------------
November 25, 2018, 4:59 pm
Attempt: Creating Contact es28134@email.vccs.edu.
-------------------------
November 25, 2018, 4:59 pm
Attempt: Creating Contact eg2065@email.vccs.edu.
-------------------------
November 25, 2018, 4:59 pm
Attempt: Creating Contact ej2728@email.vccs.edu.
-------------------------
November 25, 2018, 4:59 pm
Attempt: Creating Contact eo27016@email.vccs.edu.
-------------------------
November 25, 2018, 4:59 pm
Attempt: Creating Contact ea25315@email.vccs.edu.
-------------------------
November 25, 2018, 4:59 pm
Attempt: Creating Contact ea2837@email.vccs.edu.
-------------------------
November 25, 2018, 4:59 pm
Attempt: Creating Contact em29390@email.vccs.edu.
-------------------------
November 25, 2018, 4:59 pm
Attempt: Creating Contact fl21256@email.vccs.edu.
-------------------------
November 25, 2018, 4:59 pm
Attempt: Creating Contact fi2674@email.vccs.edu.
-------------------------
November 25, 2018, 4:59 pm
Attempt: Creating Contact fp2070@email.vccs.edu.
-------------------------
November 25, 2018, 4:59 pm
Attempt: Creating Contact fa2001@email.vccs.edu.
-------------------------
November 25, 2018, 4:59 pm
Attempt: Creating Contact fa21766@email.vccs.edu.
-------------------------
November 25, 2018, 4:59 pm
Attempt: Creating Contact fs2533@email.vccs.edu.
-------------------------
November 25, 2018, 4:59 pm
Attempt: Creating Contact fm22508@email.vccs.edu.
-------------------------
November 25, 2018, 4:59 pm
Attempt: Creating Contact fm26139@email.vccs.edu.
-------------------------
November 25, 2018, 4:59 pm
Attempt: Creating Contact gh2263@email.vccs.edu.
-------------------------
November 25, 2018, 4:59 pm
Attempt: Creating Contact ga24944@email.vccs.edu.
-------------------------
November 25, 2018, 4:59 pm
Attempt: Creating Contact gt2565@email.vccs.edu.
-------------------------
November 25, 2018, 4:59 pm
Attempt: Creating Contact gd280@email.vccs.edu.
-------------------------
November 25, 2018, 4:59 pm
Attempt: Creating Contact gp290@email.vccs.edu.
-------------------------
November 25, 2018, 4:59 pm
Attempt: Creating Contact gj27351@email.vccs.edu.
-------------------------
November 25, 2018, 4:59 pm
Attempt: Creating Contact go2409@email.vccs.edu.
-------------------------
November 25, 2018, 5:00 pm
Attempt: Creating Contact gm27105@email.vccs.edu.
-------------------------
November 25, 2018, 5:00 pm
Attempt: Creating Contact gk27227@email.vccs.edu.
-------------------------
November 25, 2018, 5:00 pm
Attempt: Creating Contact gl25211@email.vccs.edu.
-------------------------
November 25, 2018, 5:00 pm
Attempt: Creating Contact gj2701@email.vccs.edu.
-------------------------
November 25, 2018, 5:00 pm
Attempt: Creating Contact gd2864@email.vccs.edu.
-------------------------
November 25, 2018, 5:00 pm
Attempt: Creating Contact gk2358@email.vccs.edu.
-------------------------
November 25, 2018, 5:00 pm
Attempt: Creating Contact gw2865@email.vccs.edu.
-------------------------
November 25, 2018, 5:00 pm
Attempt: Creating Contact gc2541@email.vccs.edu.
-------------------------
November 25, 2018, 5:00 pm
Attempt: Creating Contact gr23827@email.vccs.edu.
-------------------------
November 25, 2018, 5:00 pm
Attempt: Creating Contact hb2762@email.vccs.edu.
-------------------------
November 25, 2018, 5:00 pm
Attempt: Creating Contact he2257@email.vccs.edu.
-------------------------
November 25, 2018, 5:00 pm
Attempt: Creating Contact hh20280@email.vccs.edu.
-------------------------
November 25, 2018, 5:00 pm
Attempt: Creating Contact hma2969@email.vccs.edu.
-------------------------
November 25, 2018, 5:00 pm
Attempt: Creating Contact ht2310@email.vccs.edu.
-------------------------
November 25, 2018, 5:00 pm
Attempt: Creating Contact hq2074@email.vccs.edu.
-------------------------
November 25, 2018, 5:00 pm
Attempt: Creating Contact hm2116@email.vccs.edu.
-------------------------
November 25, 2018, 5:00 pm
Attempt: Creating Contact hb2770@email.vccs.edu.
-------------------------
November 25, 2018, 5:00 pm
Attempt: Creating Contact zz279@email.vccs.edu.
-------------------------
November 25, 2018, 5:00 pm
Attempt: Creating Contact hc2592@email.vccs.edu.
-------------------------
November 25, 2018, 5:00 pm
Attempt: Creating Contact ha2172@email.vccs.edu.
-------------------------
November 25, 2018, 5:00 pm
Attempt: Creating Contact hc221072@email.vccs.edu.
-------------------------
November 25, 2018, 5:00 pm
Attempt: Creating Contact hj2888@email.vccs.edu.
-------------------------
November 25, 2018, 5:00 pm
Attempt: Creating Contact hz2566@email.vccs.edu.
-------------------------
November 25, 2018, 5:00 pm
Attempt: Creating Contact hn2311@email.vccs.edu.
-------------------------
November 25, 2018, 5:00 pm
Attempt: Creating Contact ht2309@email.vccs.edu.
-------------------------
November 25, 2018, 5:00 pm
Attempt: Creating Contact hm2152@email.vccs.edu.
-------------------------
November 25, 2018, 5:00 pm
Attempt: Creating Contact hk28894@email.vccs.edu.
-------------------------
November 25, 2018, 5:00 pm
Attempt: Creating Contact hc2062@email.vccs.edu.
-------------------------
November 25, 2018, 5:00 pm
Attempt: Creating Contact ig2535@email.vccs.edu.
-------------------------
November 25, 2018, 5:00 pm
Attempt: Creating Contact ig2700@email.vccs.edu.
-------------------------
November 25, 2018, 5:00 pm
Attempt: Creating Contact ik2090@email.vccs.edu.
-------------------------
November 25, 2018, 5:00 pm
Attempt: Creating Contact ik2498@email.vccs.edu.
-------------------------
November 25, 2018, 5:00 pm
Attempt: Creating Contact ij290@email.vccs.edu.
-------------------------
November 25, 2018, 5:00 pm
Attempt: Creating Contact jj2068@email.vccs.edu.
-------------------------
November 25, 2018, 5:00 pm
Attempt: Creating Contact jl29227@email.vccs.edu.
-------------------------
November 25, 2018, 5:00 pm
Attempt: Creating Contact jr280088@email.vccs.edu.
-------------------------
November 25, 2018, 5:00 pm
Attempt: Creating Contact ja2164@email.vccs.edu.
-------------------------
November 25, 2018, 5:00 pm
Attempt: Creating Contact jm263779@email.vccs.edu.
-------------------------
November 25, 2018, 5:00 pm
Attempt: Creating Contact jb24461@email.vccs.edu.
-------------------------
November 25, 2018, 5:00 pm
Attempt: Creating Contact jg29020@email.vccs.edu.
-------------------------
November 25, 2018, 5:00 pm
Attempt: Creating Contact ja29874@email.vccs.edu.
-------------------------
November 25, 2018, 5:00 pm
Attempt: Creating Contact jk26669@email.vccs.edu.
-------------------------
November 25, 2018, 5:00 pm
Attempt: Creating Contact jp26767@email.vccs.edu.
-------------------------
November 25, 2018, 5:00 pm
Attempt: Creating Contact jr20320@email.vccs.edu.
-------------------------
November 25, 2018, 5:00 pm
Attempt: Creating Contact jc23684@email.vccs.edu.
-------------------------
November 25, 2018, 5:00 pm
Attempt: Creating Contact jc21812@email.vccs.edu.
-------------------------
November 25, 2018, 5:00 pm
Attempt: Creating Contact jk27276@email.vccs.edu.
-------------------------
November 25, 2018, 5:00 pm
Attempt: Creating Contact jsohn8364@email.vccs.edu.
-------------------------
November 25, 2018, 5:00 pm
Attempt: Creating Contact js29746@email.vccs.edu.
-------------------------
November 25, 2018, 5:00 pm
Attempt: Creating Contact jh22079@email.vccs.edu.
-------------------------
November 25, 2018, 5:00 pm
Attempt: Creating Contact jm2697@email.vccs.edu.
-------------------------
November 25, 2018, 5:00 pm
Attempt: Creating Contact jlee6834@email.vccs.edu.
-------------------------
November 25, 2018, 5:00 pm
Attempt: Creating Contact jm24291@email.vccs.edu.
-------------------------
November 25, 2018, 5:00 pm
Attempt: Creating Contact jc28025@email.vccs.edu.
-------------------------
November 25, 2018, 5:00 pm
Attempt: Creating Contact jp22443@email.vccs.edu.
-------------------------
November 25, 2018, 5:00 pm
Attempt: Creating Contact jma23073@email.vccs.edu.
-------------------------
November 25, 2018, 5:00 pm
Attempt: Creating Contact jy22759@email.vccs.edu.
-------------------------
November 25, 2018, 5:00 pm
Attempt: Creating Contact jg23811@email.vccs.edu.
-------------------------
November 25, 2018, 5:00 pm
Attempt: Creating Contact ka26969@email.vccs.edu.
-------------------------
November 25, 2018, 5:00 pm
Attempt: Creating Contact ks23337@email.vccs.edu.
-------------------------
November 25, 2018, 5:00 pm
Attempt: Creating Contact kr293837@email.vccs.edu.
-------------------------
November 25, 2018, 5:00 pm
Attempt: Creating Contact kmerenda8972@email.vccs.edu.
-------------------------
November 25, 2018, 5:00 pm
Attempt: Creating Contact kf25998@email.vccs.edu.
-------------------------
November 25, 2018, 5:00 pm
Attempt: Creating Contact kl26499@email.vccs.edu.
-------------------------
November 25, 2018, 5:00 pm
Attempt: Creating Contact kc20223@email.vccs.edu.
-------------------------
November 25, 2018, 5:00 pm
Attempt: Creating Contact ka20442@email.vccs.edu.
-------------------------
November 25, 2018, 5:00 pm
Attempt: Creating Contact ak202123@email.vccs.edu.
-------------------------
November 25, 2018, 5:00 pm
Attempt: Creating Contact km28418@email.vccs.edu.
-------------------------
November 25, 2018, 5:00 pm
Attempt: Creating Contact kh26797@email.vccs.edu.
-------------------------
November 25, 2018, 5:00 pm
Attempt: Creating Contact kr20387@email.vccs.edu.
-------------------------
November 25, 2018, 5:00 pm
Attempt: Creating Contact ki2224@email.vccs.edu.
-------------------------
November 25, 2018, 5:00 pm
Attempt: Creating Contact km27334@email.vccs.edu.
-------------------------
November 25, 2018, 5:00 pm
Attempt: Creating Contact ku271@email.vccs.edu.
-------------------------
November 25, 2018, 5:00 pm
Attempt: Creating Contact kp27546@email.vccs.edu.
-------------------------
November 25, 2018, 5:00 pm
Attempt: Creating Contact kc2661@email.vccs.edu.
-------------------------
November 25, 2018, 5:00 pm
Attempt: Creating Contact ky2940@email.vccs.edu.
-------------------------
November 25, 2018, 5:00 pm
Attempt: Creating Contact kv2467@email.vccs.edu.
-------------------------
November 25, 2018, 5:00 pm
Attempt: Creating Contact kl2654@email.vccs.edu.
-------------------------
November 25, 2018, 5:00 pm
Attempt: Creating Contact kik292@email.vccs.edu.
-------------------------
November 25, 2018, 5:00 pm
Attempt: Creating Contact kk20347@email.vccs.edu.
-------------------------
November 25, 2018, 5:00 pm
Attempt: Creating Contact kk28086@email.vccs.edu.
-------------------------
November 25, 2018, 5:00 pm
Attempt: Creating Contact lz2304@email.vccs.edu.
-------------------------
November 25, 2018, 5:00 pm
Attempt: Creating Contact lw22878@email.vccs.edu.
-------------------------
November 25, 2018, 5:00 pm
Attempt: Creating Contact lc21888@email.vccs.edu.
-------------------------
November 25, 2018, 5:00 pm
Attempt: Creating Contact la2183@email.vccs.edu.
-------------------------
November 25, 2018, 5:00 pm
Attempt: Creating Contact lz2997@email.vccs.edu.
-------------------------
November 25, 2018, 5:00 pm
Attempt: Creating Contact lp20060@email.vccs.edu.
-------------------------
November 25, 2018, 5:00 pm
Attempt: Creating Contact lv2371@email.vccs.edu.
-------------------------
November 25, 2018, 5:00 pm
Attempt: Creating Contact ls26787@email.vccs.edu.
-------------------------
November 25, 2018, 5:00 pm
Attempt: Creating Contact ls22548@email.vccs.edu.
-------------------------
November 25, 2018, 5:00 pm
Attempt: Creating Contact ld2525@email.vccs.edu.
-------------------------
November 25, 2018, 5:00 pm
Attempt: Creating Contact lj2491@email.vccs.edu.
-------------------------
November 25, 2018, 5:00 pm
Attempt: Creating Contact lamezquita0001@email.vccs.edu.
-------------------------
November 25, 2018, 5:00 pm
Attempt: Creating Contact lz2460@email.vccs.edu.
-------------------------
November 25, 2018, 5:00 pm
Attempt: Creating Contact lc20773@email.vccs.edu.
-------------------------
November 25, 2018, 5:00 pm
Attempt: Creating Contact la2526@email.vccs.edu.
-------------------------
November 25, 2018, 5:00 pm
Attempt: Creating Contact ld27980@email.vccs.edu.
-------------------------
November 25, 2018, 5:00 pm
Attempt: Creating Contact lo2417@email.vccs.edu.
-------------------------
November 25, 2018, 5:00 pm
Attempt: Creating Contact lz27131@email.vccs.edu.
-------------------------
November 25, 2018, 5:00 pm
Attempt: Creating Contact ln2399@email.vccs.edu.
-------------------------
November 25, 2018, 5:00 pm
Attempt: Creating Contact lu2627@email.vccs.edu.
-------------------------
November 25, 2018, 5:00 pm
Attempt: Creating Contact ld2616@email.vccs.edu.
-------------------------
November 25, 2018, 5:00 pm
Attempt: Creating Contact lcr2791@email.vccs.edu.
-------------------------
November 25, 2018, 5:00 pm
Attempt: Creating Contact ll2854@email.vccs.edu.
-------------------------
November 25, 2018, 5:00 pm
Attempt: Creating Contact lbenedict0005@email.vccs.edu.
-------------------------
November 25, 2018, 5:00 pm
Attempt: Creating Contact na2985@email.vccs.edu.
-------------------------
November 25, 2018, 5:00 pm
Attempt: Creating Contact mb28544@email.vccs.edu.
-------------------------
November 25, 2018, 5:00 pm
Attempt: Creating Contact mb2334@email.vccs.edu.
-------------------------
November 25, 2018, 5:00 pm
Attempt: Creating Contact mf25009@email.vccs.edu.
-------------------------
November 25, 2018, 5:00 pm
Attempt: Creating Contact md2509@email.vccs.edu.
-------------------------
November 25, 2018, 5:00 pm
Attempt: Creating Contact mu283@email.vccs.edu.
-------------------------
November 25, 2018, 5:00 pm
Attempt: Creating Contact mp2976@email.vccs.edu.
-------------------------
November 25, 2018, 5:00 pm
Attempt: Creating Contact mr233@email.vccs.edu.
-------------------------
November 25, 2018, 5:00 pm
Attempt: Creating Contact mr2409@email.vccs.edu.
-------------------------
November 25, 2018, 5:00 pm
Attempt: Creating Contact md22339@email.vccs.edu.
-------------------------
November 25, 2018, 5:00 pm
Attempt: Creating Contact mm214144@email.vccs.edu.
-------------------------
November 25, 2018, 5:00 pm
Attempt: Creating Contact mfd2107@email.vccs.edu.
-------------------------
November 25, 2018, 5:00 pm
Attempt: Creating Contact mr24405@email.vccs.edu.
-------------------------
November 25, 2018, 5:00 pm
Attempt: Creating Contact mn2189@email.vccs.edu.
-------------------------
November 25, 2018, 5:00 pm
Attempt: Creating Contact ms250939@email.vccs.edu.
-------------------------
November 25, 2018, 5:00 pm
Attempt: Creating Contact mc2690@email.vccs.edu.
-------------------------
November 25, 2018, 5:00 pm
Attempt: Creating Contact mtaylor0302@email.vccs.edu.
-------------------------
November 25, 2018, 5:00 pm
Attempt: Creating Contact mgf2402@email.vccs.edu.
-------------------------
November 25, 2018, 5:00 pm
Attempt: Creating Contact mk29559@email.vccs.edu.
-------------------------
November 25, 2018, 5:00 pm
Attempt: Creating Contact mf20256@email.vccs.edu.
-------------------------
November 25, 2018, 5:00 pm
Attempt: Creating Contact md28482@email.vccs.edu.
-------------------------
November 25, 2018, 5:00 pm
Attempt: Creating Contact mrashid8855@email.vccs.edu.
-------------------------
November 25, 2018, 5:00 pm
Attempt: Creating Contact md2495@email.vccs.edu.
-------------------------
November 25, 2018, 5:00 pm
Attempt: Creating Contact mu29431@email.vccs.edu.
-------------------------
November 25, 2018, 5:00 pm
Attempt: Creating Contact mt2791@email.vccs.edu.
-------------------------
November 25, 2018, 5:00 pm
Attempt: Creating Contact mm27711@email.vccs.edu.
-------------------------
November 25, 2018, 5:00 pm
Attempt: Creating Contact mt25277@email.vccs.edu.
-------------------------
November 25, 2018, 5:00 pm
Attempt: Creating Contact my2376@email.vccs.edu.
-------------------------
November 25, 2018, 5:00 pm
Attempt: Creating Contact mz21527@email.vccs.edu.
-------------------------
November 25, 2018, 5:00 pm
Attempt: Creating Contact mk20928@email.vccs.edu.
-------------------------
November 25, 2018, 5:00 pm
Attempt: Creating Contact ml25249@email.vccs.edu.
-------------------------
November 25, 2018, 5:00 pm
Attempt: Creating Contact mt21993@email.vccs.edu.
-------------------------
November 25, 2018, 5:00 pm
Attempt: Creating Contact ma243434@email.vccs.edu.
-------------------------
November 25, 2018, 5:00 pm
Attempt: Creating Contact mm26357@email.vccs.edu.
-------------------------
November 25, 2018, 5:00 pm
Attempt: Creating Contact mb25741@email.vccs.edu.
-------------------------
November 25, 2018, 5:00 pm
Attempt: Creating Contact mupadhaya6364@email.vccs.edu.
-------------------------
November 25, 2018, 5:00 pm
Attempt: Creating Contact mm25508@email.vccs.edu.
-------------------------
November 25, 2018, 5:00 pm
Attempt: Creating Contact me2267@email.vccs.edu.
-------------------------
November 25, 2018, 5:00 pm
Attempt: Creating Contact mr233771@email.vccs.edu.
-------------------------
November 25, 2018, 5:00 pm
Attempt: Creating Contact md21021@email.vccs.edu.
-------------------------
November 25, 2018, 5:00 pm
Attempt: Creating Contact mc22954@email.vccs.edu.
-------------------------
November 25, 2018, 5:00 pm
Attempt: Creating Contact nh2401@email.vccs.edu.
-------------------------
November 25, 2018, 5:00 pm
Attempt: Creating Contact ni2186@email.vccs.edu.
-------------------------
November 25, 2018, 5:00 pm
Attempt: Creating Contact ni256@email.vccs.edu.
-------------------------
November 25, 2018, 5:00 pm
Attempt: Creating Contact nc28442@email.vccs.edu.
-------------------------
November 25, 2018, 5:00 pm
Attempt: Creating Contact ng2152@email.vccs.edu.
-------------------------
November 25, 2018, 5:00 pm
Attempt: Creating Contact nr2249@email.vccs.edu.
-------------------------
November 25, 2018, 5:00 pm
Attempt: Creating Contact no2047@email.vccs.edu.
-------------------------
November 25, 2018, 5:00 pm
Attempt: Creating Contact nj29206@email.vccs.edu.
-------------------------
November 25, 2018, 5:00 pm
Attempt: Creating Contact nk2499@email.vccs.edu.
-------------------------
November 25, 2018, 5:00 pm
Attempt: Creating Contact nl2409@email.vccs.edu.
-------------------------
November 25, 2018, 5:00 pm
Attempt: Creating Contact nt2465@email.vccs.edu.
-------------------------
November 25, 2018, 5:00 pm
Attempt: Creating Contact nc24153@email.vccs.edu.
-------------------------
November 25, 2018, 5:00 pm
Attempt: Creating Contact nc2491@email.vccs.edu.
-------------------------
November 25, 2018, 5:00 pm
Attempt: Creating Contact nf2504@email.vccs.edu.
-------------------------
November 25, 2018, 5:00 pm
Attempt: Creating Contact nm20929@email.vccs.edu.
-------------------------
