November 21, 2018, 7:28 pm
Attempt: Counting Contacts For Report: 2...
-------------------------
November 21, 2018, 7:28 pm
Attempt: 1 / 2 contacts added to report
-------------------------
November 21, 2018, 7:28 pm
Attempt: 2 / 2 contacts added to report
-------------------------
November 21, 2018, 7:28 pm
Attempt: 3 / 2 contacts added to report
-------------------------
November 21, 2018, 7:28 pm
Attempt: 4 / 2 contacts added to report
-------------------------
November 21, 2018, 7:28 pm
Attempt: 5 / 2 contacts added to report
-------------------------
November 21, 2018, 7:28 pm
Attempt: Converting Report to file for later download
-------------------------
November 21, 2018, 7:28 pm
Attempt: Conversion complete.
-------------------------
November 21, 2018, 7:28 pm
Attempt: Finished Cron 4.
-------------------------
