November 25, 2018, 4:52 pm
Attempt: Initializing Cron with id 21...
-------------------------
November 25, 2018, 4:52 pm
Attempt: Loading Spreadsheet...
-------------------------
November 25, 2018, 4:52 pm
Attempt: Converting Spreadsheet Into an Array...
-------------------------
November 25, 2018, 4:52 pm
Attempt: Reducing Array of Data into 11 Columns...
-------------------------
November 25, 2018, 4:53 pm
Attempt: Potential Duplicate. Email Already Exists In System ao2836@email.vccs.edu.
-------------------------
November 25, 2018, 4:53 pm
Attempt: Potential Duplicate. Email Already Exists In System af292@email.vccs.edu.
-------------------------
November 25, 2018, 4:53 pm
Attempt: Potential Duplicate. Email Already Exists In System .
-------------------------
November 25, 2018, 4:54 pm
Attempt: Creating Contact aa22743@email.vccs.edu.
-------------------------
November 25, 2018, 4:58 pm
Attempt: Creating Contact at24081@email.vccs.edu.
-------------------------
